2021-06-15 12:51:57.122 - Create display
2021-06-15 12:51:57.255 - DBeaver 21.1.0.202106021338 is starting
2021-06-15 12:51:57.257 - OS: Linux 5.12.10-arch1-1 (amd64)
2021-06-15 12:51:57.257 - Java version: 15.0.2 by Oracle Corporation (64bit)
2021-06-15 12:51:57.257 - Install path: '/usr/lib/dbeaver'
2021-06-15 12:51:57.257 - Instance path: 'file:/home/ape/.local/share/DBeaverData/workspace6/'
2021-06-15 12:51:57.257 - Memory available 66Mb/1024Mb
2021-06-15 12:51:57.279 - Starting RMI server at 59205
2021-06-15 12:51:57.353 - Run workbench
> Start Eclipse e4 Workbench SWT [org.eclipse.e4.ui.workbench.swt 0.16.0.v20201230-1610]
> Start Eclipse Application Services [org.eclipse.e4.core.services 2.2.600.v20210110-1654]
> Start Eclipse Contexts [org.eclipse.e4.core.contexts 1.8.400.v20191217-1710]
> Start Eclipse UI Application Services [org.eclipse.e4.ui.services 1.5.0.v20210115-1333]
> Start ICU4J Base [com.ibm.icu.base 58.2.0.v20170418-1837]
> Start EMF Common [org.eclipse.emf.common 2.22.0.v20210114-1734]
> Start EMF Ecore [org.eclipse.emf.ecore 2.23.0.v20200630-0516]
> Start EMF XML/XMI Persistence [org.eclipse.emf.ecore.xmi 2.16.0.v20190528-0725]
> Start Eclipse UI Dependency Injection [org.eclipse.e4.ui.di 1.3.0.v20210222-1018]
> Start Eclipse CSS SWT Theme Support [org.eclipse.e4.ui.css.swt.theme 0.13.0.v20201026-1147]
> Start Eclipse e4 Workbench Add-ons [org.eclipse.e4.ui.workbench.addons.swt 1.4.100.v20201221-2332]
> Start Expression Language [org.eclipse.core.expressions 3.7.100.v20210203-1000]
> Start Eclipse e4 Workbench SWT Renderer [org.eclipse.e4.ui.workbench.renderers.swt 0.15.0.v20201125-0918]
> Start Eclipse Bindings Support [org.eclipse.e4.ui.bindings 0.13.0.v20201119-1132]
> Start Eclipse Dependency Injection Extensions [org.eclipse.e4.core.di.extensions 0.16.0.v20200507-0938]
> Start Eclipse CSS SWT Support [org.eclipse.e4.ui.css.swt 0.14.100.v20201217-1340]
> Start DBeaver UI [org.jkiss.dbeaver.ui 5.1.73.202106021338]
2021-06-15 12:51:59.448 - Configure workbench window
> Start Help System Core [org.eclipse.help 3.8.800.v20200525-0755]
2021-06-15 12:51:59.619 - Create actions
2021-06-15 12:51:59.625 - Disable Eclipse action set 'org.eclipse.ui.edit.text.actionSet.annotationNavigation'
2021-06-15 12:51:59.625 - Disable Eclipse action set 'org.eclipse.ui.WorkingSetActionSet'
2021-06-15 12:52:00.439 - Initialize workbench window
2021-06-15 12:52:00.451 - Finish initialization
> Start DBeaver UI Editors - Base [org.jkiss.dbeaver.ui.editors.base 1.0.58.202106021338]
> Start Default Text Editor [org.eclipse.ui.editors 3.14.0.v20210215-0846]
> Start Text Editor Framework [org.eclipse.ui.workbench.texteditor 3.16.0.v20210120-0733]
> Start Equinox Java Authentication and Authorization Service (JAAS) [org.eclipse.equinox.security 1.3.600.v20210126-1005]
> Start Internet Connection Management UI [org.eclipse.ui.net 1.3.800.v20200422-1935]
> Start Internet Connection Management [org.eclipse.core.net 1.3.1000.v20200715-0827]
> Start Equinox Provisioning Platform Automatic Update Support [org.eclipse.equinox.p2.ui.sdk.scheduler 1.5.0.v20201012-1421]
> Start Equinox Provisioning Metadata [org.eclipse.equinox.p2.metadata 2.5.100.v20200908-1020]
> Start Equinox Provisioning Update Checker [org.eclipse.equinox.p2.updatechecker 1.2.300.v20200222-1600]
> Start DBeaver SQL Model [org.jkiss.dbeaver.model.sql 1.0.48.202106021338]
2021-06-15 12:52:01.825 - Loading user drivers configuration from '/home/ape/.local/share/DBeaverData/workspace6/.metadata/.plugins/org.jkiss.dbeaver.core/drivers.xml'
2021-06-15 12:52:01.837 - Total database drivers: 90 (90)
> Start DBeaver UI Editors - Data [org.jkiss.dbeaver.ui.editors.data 1.0.58.202106021338]
> Start DBeaver UI Editors - SQL [org.jkiss.dbeaver.ui.editors.sql 1.0.58.202106021338]
> Start DBeaver Sample Database [org.jkiss.dbeaver.ext.sample.database 1.0.95.202106021338]
> Start DBeaver Tip of the day [org.jkiss.dbeaver.ext.ui.tipoftheday 1.0.64.202106021338]
> Start DBeaver ERD UI [org.jkiss.dbeaver.erd.ui 3.0.18.202106021338]
> Start DBeaver ERD Model [org.jkiss.dbeaver.erd.model 1.0.18.202106021338]
2021-06-15 12:52:02.538 - Connect with 'mysql' (mariaDB-1757f0cb844-47289cdd759d46ca)
> Start DBeaver MySQL Support [org.jkiss.dbeaver.ext.mysql 2.1.143.202106021338]
2021-06-15 12:52:02.581 - Execution context opened (mysql; Main; 0)
> Start DBeaver GIS Support [org.jkiss.dbeaver.data.gis 1.0.82.202106021338]
2021-06-15 12:52:02.700 - Execution context opened (mysql; Metadata; 1)
2021-06-15 12:52:02.769 - Connected (mariaDB-1757f0cb844-47289cdd759d46ca, MariaDB Connector/J [2.4.3])
> Start GEF (MVC) [org.eclipse.gef 3.11.0.201606061308]
> Start Draw2d [org.eclipse.draw2d 3.10.100.201606061308]
> Start Equinox Provisioning Core [org.eclipse.equinox.p2.core 2.6.300.v20200211-1504]
> Start Equinox Provisioning Engine [org.eclipse.equinox.p2.engine 2.6.700.v20200511-1530]
> Start Equinox Provisioning Metadata Repository [org.eclipse.equinox.p2.metadata.repository 1.3.500.v20210108-0738]
> Start Equinox Provisioning Repository [org.eclipse.equinox.p2.repository 2.5.0.v20201013-0853]
> Start Equinox Provisioning UI Support [org.eclipse.equinox.p2.ui 2.7.0.v20210114-1216]
> Start DBeaver Data Transfer [org.jkiss.dbeaver.data.transfer 2.0.42.202106021338]
> Start Team Support Core [org.eclipse.team.core 3.8.1100.v20200806-0621]
2021-06-15 13:02:24.945 - DBeaver is stopping
2021-06-15 13:02:24.946 - Stop RMI server
2021-06-15 13:02:24.947 - DBeaver shutdown completed
