[   269.039] (WW) Failed to open protocol names file lib/xorg/protocol.txt
[   269.040] 
X.Org X Server 1.20.10
X Protocol Version 11, Revision 0
[   269.042] Build Operating System: Linux Arch Linux
[   269.043] Current Operating System: Linux kr 5.13.9-arch1-1 #1 SMP PREEMPT Sun, 08 Aug 2021 11:25:35 +0000 x86_64
[   269.043] Kernel command line: BOOT_IMAGE=/boot/vmlinuz-linux root=UUID=f0092507-3bbd-44bc-bf18-7c58a2cb0ed3 rw loglevel=3 quiet
[   269.045] Build Date: 01 December 2020  07:51:57PM
[   269.046]  
[   269.047] Current version of pixman: 0.40.0
[   269.048] 	Before reporting problems, check http://wiki.x.org
	to make sure that you have the latest version.
[   269.049] Markers: (--) probed, (**) from config file, (==) default setting,
	(++) from command line, (!!) notice, (II) informational,
	(WW) warning, (EE) error, (NI) not implemented, (??) unknown.
[   269.053] (==) Log file: "/home/ape/.local/share/xorg/Xorg.1.log", Time: Wed Aug 11 01:16:04 2021
[   269.054] (==) Using config directory: "/etc/X11/xorg.conf.d"
[   269.055] (==) Using system config directory "/usr/share/X11/xorg.conf.d"
[   269.055] (==) No Layout section.  Using the first Screen section.
[   269.055] (==) No screen section available. Using defaults.
[   269.055] (**) |-->Screen "Default Screen Section" (0)
[   269.055] (**) |   |-->Monitor "<default monitor>"
[   269.055] (==) No device specified for screen "Default Screen Section".
	Using the first device section listed.
[   269.055] (**) |   |-->Device "integrated"
[   269.055] (==) No monitor specified for screen "Default Screen Section".
	Using a default monitor configuration.
[   269.055] (==) Automatically adding devices
[   269.055] (==) Automatically enabling devices
[   269.055] (==) Automatically adding GPU devices
[   269.055] (==) Automatically binding GPU devices
[   269.055] (==) Max clients allowed: 256, resource mask: 0x1fffff
[   269.055] (WW) The directory "/usr/share/fonts/OTF" does not exist.
[   269.055] 	Entry deleted from font path.
[   269.055] (WW) The directory "/usr/share/fonts/Type1" does not exist.
[   269.055] 	Entry deleted from font path.
[   269.055] (==) FontPath set to:
	/usr/share/fonts/misc,
	/usr/share/fonts/TTF,
	/usr/share/fonts/100dpi,
	/usr/share/fonts/75dpi
[   269.055] (==) ModulePath set to "/usr/lib/xorg/modules"
[   269.055] (II) The server relies on udev to provide the list of input devices.
	If no devices become available, reconfigure udev or disable AutoAddDevices.
[   269.055] (II) Module ABI versions:
[   269.055] 	X.Org ANSI C Emulation: 0.4
[   269.055] 	X.Org Video Driver: 24.1
[   269.055] 	X.Org XInput driver : 24.1
[   269.055] 	X.Org Server Extension : 10.0
[   269.056] (++) using VT number 2

[   269.058] (II) systemd-logind: took control of session /org/freedesktop/login1/session/_37
[   269.059] (II) xfree86: Adding drm device (/dev/dri/card0)
[   269.059] (II) systemd-logind: got fd for /dev/dri/card0 226:0 fd 10 paused 0
[   269.061] (--) PCI:*(0@0:2:0) 8086:1916:103c:81a7 rev 7, Mem @ 0xa0000000/16777216, 0x90000000/268435456, I/O @ 0x00003000/64, BIOS @ 0x????????/131072
[   269.061] (WW) Open ACPI failed (/var/run/acpid.socket) (No such file or directory)
[   269.061] (II) LoadModule: "glx"
[   269.062] (II) Loading /usr/lib/xorg/modules/extensions/libglx.so
[   269.063] (II) Module glx: vendor="X.Org Foundation"
[   269.063] 	compiled for 1.20.10, module version = 1.0.0
[   269.063] 	ABI class: X.Org Server Extension, version 10.0
[   269.063] (II) LoadModule: "modesetting"
[   269.063] (II) Loading /usr/lib/xorg/modules/drivers/modesetting_drv.so
[   269.063] (II) Module modesetting: vendor="X.Org Foundation"
[   269.063] 	compiled for 1.20.10, module version = 1.20.10
[   269.063] 	Module class: X.Org Video Driver
[   269.063] 	ABI class: X.Org Video Driver, version 24.1
[   269.063] (II) modesetting: Driver for Modesetting Kernel Drivers: kms
[   269.064] (II) modeset(0): using drv /dev/dri/card0
[   269.064] (WW) VGA arbiter: cannot open kernel arbiter, no multi-card support
[   269.064] (II) modeset(0): Creating default Display subsection in Screen section
	"Default Screen Section" for depth/fbbpp 24/32
[   269.064] (==) modeset(0): Depth 24, (==) framebuffer bpp 32
[   269.064] (==) modeset(0): RGB weight 888
[   269.064] (==) modeset(0): Default visual is TrueColor
[   269.064] (II) Loading sub module "glamoregl"
[   269.064] (II) LoadModule: "glamoregl"
[   269.064] (II) Loading /usr/lib/xorg/modules/libglamoregl.so
[   269.067] (II) Module glamoregl: vendor="X.Org Foundation"
[   269.067] 	compiled for 1.20.10, module version = 1.0.1
[   269.067] 	ABI class: X.Org ANSI C Emulation, version 0.4
[   269.106] (II) modeset(0): glamor X acceleration enabled on Mesa Intel(R) HD Graphics 520 (SKL GT2)
[   269.106] (II) modeset(0): glamor initialized
[   269.107] (II) modeset(0): Output eDP-1 has no monitor section
[   269.112] (II) modeset(0): Output HDMI-1 has no monitor section
[   269.113] (II) modeset(0): EDID for output eDP-1
[   269.113] (II) modeset(0): Manufacturer: LGD  Model: 4f8  Serial#: 0
[   269.113] (II) modeset(0): Year: 2015  Week: 0
[   269.113] (II) modeset(0): EDID Version: 1.4
[   269.113] (II) modeset(0): Digital Display Input
[   269.113] (II) modeset(0): 8 bits per channel
[   269.113] (II) modeset(0): Digital interface is DisplayPort
[   269.113] (II) modeset(0): Max Image Size [cm]: horiz.: 29  vert.: 16
[   269.113] (II) modeset(0): Gamma: 2.20
[   269.113] (II) modeset(0): No DPMS capabilities specified
[   269.113] (II) modeset(0): Supported color encodings: RGB 4:4:4 YCrCb 4:4:4 
[   269.113] (II) modeset(0): First detailed timing is preferred mode
[   269.113] (II) modeset(0): Preferred mode is native pixel format and refresh rate
[   269.113] (II) modeset(0): redX: 0.584 redY: 0.348   greenX: 0.341 greenY: 0.561
[   269.113] (II) modeset(0): blueX: 0.155 blueY: 0.119   whiteX: 0.313 whiteY: 0.329
[   269.113] (II) modeset(0): Manufacturer's mask: 0
[   269.113] (II) modeset(0): Supported detailed timing:
[   269.113] (II) modeset(0): clock: 76.3 MHz   Image Size:  293 x 165 mm
[   269.113] (II) modeset(0): h_active: 1366  h_sync: 1414  h_sync_end 1446 h_blank_end 1608 h_border: 0
[   269.113] (II) modeset(0): v_active: 768  v_sync: 771  v_sync_end 776 v_blanking: 790 v_border: 0
[   269.113] (II) modeset(0): Supported detailed timing:
[   269.113] (II) modeset(0): clock: 61.0 MHz   Image Size:  293 x 165 mm
[   269.113] (II) modeset(0): h_active: 1366  h_sync: 1414  h_sync_end 1446 h_blank_end 1608 h_border: 0
[   269.113] (II) modeset(0): v_active: 768  v_sync: 771  v_sync_end 776 v_blanking: 790 v_border: 0
[   269.113] (II) modeset(0): Unknown vendor-specific block 2
[   269.113] (II) modeset(0): EDID (in hex):
[   269.113] (II) modeset(0): 	00ffffffffffff0030e4f80400000000
[   269.113] (II) modeset(0): 	00190104a51d10780a86e59559578f27
[   269.114] (II) modeset(0): 	1e505400000001010101010101010101
[   269.114] (II) modeset(0): 	010101010101ce1d56f2500016303020
[   269.114] (II) modeset(0): 	350025a510000019d81756f250001630
[   269.114] (II) modeset(0): 	3020350025a510000019000000000000
[   269.114] (II) modeset(0): 	00000000000000000000000000000002
[   269.114] (II) modeset(0): 	000a3dff0a3c7d180e207d00000000f8
[   269.114] (II) modeset(0): Printing probed modes for output eDP-1
[   269.114] (II) modeset(0): Modeline "1366x768"x60.1   76.30  1366 1414 1446 1608  768 771 776 790 -hsync -vsync (47.5 kHz eP)
[   269.114] (II) modeset(0): Modeline "1366x768"x48.1   61.04  1366 1414 1446 1608  768 771 776 790 -hsync -vsync (38.0 kHz e)
[   269.114] (II) modeset(0): Modeline "1280x720"x120.0  156.12  1280 1376 1512 1744  720 721 724 746 doublescan -hsync +vsync (89.5 kHz d)
[   269.114] (II) modeset(0): Modeline "1280x720"x120.0  120.75  1280 1304 1320 1360  720 721 724 740 doublescan +hsync -vsync (88.8 kHz d)
[   269.114] (II) modeset(0): Modeline "1280x720"x59.9   74.50  1280 1344 1472 1664  720 723 728 748 -hsync +vsync (44.8 kHz d)
[   269.114] (II) modeset(0): Modeline "1280x720"x59.7   63.75  1280 1328 1360 1440  720 723 728 741 +hsync -vsync (44.3 kHz d)
[   269.114] (II) modeset(0): Modeline "1024x768"x120.1  133.47  1024 1100 1212 1400  768 768 770 794 doublescan -hsync +vsync (95.3 kHz d)
[   269.114] (II) modeset(0): Modeline "1024x768"x60.0   65.00  1024 1048 1184 1344  768 771 777 806 -hsync -vsync (48.4 kHz d)
[   269.114] (II) modeset(0): Modeline "960x720"x120.0  117.00  960 1024 1128 1300  720 720 722 750 doublescan -hsync +vsync (90.0 kHz d)
[   269.114] (II) modeset(0): Modeline "928x696"x120.1  109.15  928 976 1088 1264  696 696 698 719 doublescan -hsync +vsync (86.4 kHz d)
[   269.114] (II) modeset(0): Modeline "896x672"x120.0  102.40  896 960 1060 1224  672 672 674 697 doublescan -hsync +vsync (83.7 kHz d)
[   269.114] (II) modeset(0): Modeline "1024x576"x119.9   98.50  1024 1092 1200 1376  576 577 580 597 doublescan -hsync +vsync (71.6 kHz d)
[   269.114] (II) modeset(0): Modeline "1024x576"x119.9   78.38  1024 1048 1064 1104  576 577 580 592 doublescan +hsync -vsync (71.0 kHz d)
[   269.114] (II) modeset(0): Modeline "1024x576"x59.9   46.50  1024 1064 1160 1296  576 579 584 599 -hsync +vsync (35.9 kHz d)
[   269.114] (II) modeset(0): Modeline "1024x576"x59.8   42.00  1024 1072 1104 1184  576 579 584 593 +hsync -vsync (35.5 kHz d)
[   269.114] (II) modeset(0): Modeline "960x600"x119.9   96.62  960 1028 1128 1296  600 601 604 622 doublescan -hsync +vsync (74.6 kHz d)
[   269.114] (II) modeset(0): Modeline "960x600"x120.0   77.00  960 984 1000 1040  600 601 604 617 doublescan +hsync -vsync (74.0 kHz d)
[   269.114] (II) modeset(0): Modeline "960x540"x119.9   86.50  960 1024 1124 1288  540 541 544 560 doublescan -hsync +vsync (67.2 kHz d)
[   269.114] (II) modeset(0): Modeline "960x540"x120.0   69.25  960 984 1000 1040  540 541 544 555 doublescan +hsync -vsync (66.6 kHz d)
[   269.114] (II) modeset(0): Modeline "960x540"x59.6   40.75  960 992 1088 1216  540 543 548 562 -hsync +vsync (33.5 kHz d)
[   269.114] (II) modeset(0): Modeline "960x540"x59.8   37.25  960 1008 1040 1120  540 543 548 556 +hsync -vsync (33.3 kHz d)
[   269.114] (II) modeset(0): Modeline "800x600"x120.0   81.00  800 832 928 1080  600 600 602 625 doublescan +hsync +vsync (75.0 kHz d)
[   269.114] (II) modeset(0): Modeline "800x600"x60.3   40.00  800 840 968 1056  600 601 605 628 +hsync +vsync (37.9 kHz d)
[   269.114] (II) modeset(0): Modeline "800x600"x56.2   36.00  800 824 896 1024  600 601 603 625 +hsync +vsync (35.2 kHz d)
[   269.114] (II) modeset(0): Modeline "840x525"x120.0   73.12  840 892 980 1120  525 526 529 544 doublescan -hsync +vsync (65.3 kHz d)
[   269.114] (II) modeset(0): Modeline "840x525"x119.8   59.50  840 864 880 920  525 526 529 540 doublescan +hsync -vsync (64.7 kHz d)
[   269.114] (II) modeset(0): Modeline "864x486"x59.9   32.50  864 888 968 1072  486 489 494 506 -hsync +vsync (30.3 kHz d)
[   269.114] (II) modeset(0): Modeline "864x486"x59.6   30.50  864 912 944 1024  486 489 494 500 +hsync -vsync (29.8 kHz d)
[   269.114] (II) modeset(0): Modeline "700x525"x120.0   61.00  700 744 820 940  525 526 532 541 doublescan +hsync +vsync (64.9 kHz d)
[   269.114] (II) modeset(0): Modeline "800x450"x119.9   59.12  800 848 928 1056  450 451 454 467 doublescan -hsync +vsync (56.0 kHz d)
[   269.114] (II) modeset(0): Modeline "800x450"x119.6   48.75  800 824 840 880  450 451 454 463 doublescan +hsync -vsync (55.4 kHz d)
[   269.114] (II) modeset(0): Modeline "640x512"x120.0   54.00  640 664 720 844  512 512 514 533 doublescan +hsync +vsync (64.0 kHz d)
[   269.114] (II) modeset(0): Modeline "700x450"x119.9   51.75  700 740 812 924  450 451 456 467 doublescan -hsync +vsync (56.0 kHz d)
[   269.114] (II) modeset(0): Modeline "700x450"x119.8   43.25  700 724 740 780  450 451 456 463 doublescan +hsync -vsync (55.4 kHz d)
[   269.114] (II) modeset(0): Modeline "640x480"x120.0   54.00  640 688 744 900  480 480 482 500 doublescan +hsync +vsync (60.0 kHz d)
[   269.114] (II) modeset(0): Modeline "640x480"x59.9   25.18  640 656 752 800  480 490 492 525 -hsync -vsync (31.5 kHz d)
[   269.114] (II) modeset(0): Modeline "720x405"x59.5   22.50  720 744 808 896  405 408 413 422 -hsync +vsync (25.1 kHz d)
[   269.114] (II) modeset(0): Modeline "720x405"x59.0   21.75  720 768 800 880  405 408 413 419 +hsync -vsync (24.7 kHz d)
[   269.114] (II) modeset(0): Modeline "684x384"x119.8   42.62  684 720 788 892  384 385 390 399 doublescan -hsync +vsync (47.8 kHz d)
[   269.114] (II) modeset(0): Modeline "684x384"x119.7   36.12  684 708 724 764  384 385 390 395 doublescan +hsync -vsync (47.3 kHz d)
[   269.114] (II) modeset(0): Modeline "640x400"x119.8   41.75  640 676 740 840  400 401 404 415 doublescan -hsync +vsync (49.7 kHz d)
[   269.114] (II) modeset(0): Modeline "640x400"x120.0   35.50  640 664 680 720  400 401 404 411 doublescan +hsync -vsync (49.3 kHz d)
[   269.114] (II) modeset(0): Modeline "640x360"x119.7   37.25  640 672 736 832  360 361 364 374 doublescan -hsync +vsync (44.8 kHz d)
[   269.114] (II) modeset(0): Modeline "640x360"x119.7   31.88  640 664 680 720  360 361 364 370 doublescan +hsync -vsync (44.3 kHz d)
[   269.114] (II) modeset(0): Modeline "640x360"x59.8   18.00  640 664 720 800  360 363 368 376 -hsync +vsync (22.5 kHz d)
[   269.114] (II) modeset(0): Modeline "640x360"x59.3   17.75  640 688 720 800  360 363 368 374 +hsync -vsync (22.2 kHz d)
[   269.114] (II) modeset(0): Modeline "512x384"x120.0   32.50  512 524 592 672  384 385 388 403 doublescan -hsync -vsync (48.4 kHz d)
[   269.114] (II) modeset(0): Modeline "512x288"x120.0   23.25  512 532 580 648  288 289 292 299 doublescan -hsync +vsync (35.9 kHz d)
[   269.114] (II) modeset(0): Modeline "512x288"x119.8   21.00  512 536 552 592  288 289 292 296 doublescan +hsync -vsync (35.5 kHz d)
[   269.114] (II) modeset(0): Modeline "480x270"x119.3   20.38  480 496 544 608  270 271 274 281 doublescan -hsync +vsync (33.5 kHz d)
[   269.114] (II) modeset(0): Modeline "480x270"x119.6   18.62  480 504 520 560  270 271 274 278 doublescan +hsync -vsync (33.3 kHz d)
[   269.114] (II) modeset(0): Modeline "400x300"x120.6   20.00  400 420 484 528  300 300 302 314 doublescan +hsync +vsync (37.9 kHz d)
[   269.114] (II) modeset(0): Modeline "400x300"x112.7   18.00  400 412 448 512  300 300 301 312 doublescan +hsync +vsync (35.2 kHz d)
[   269.114] (II) modeset(0): Modeline "432x243"x119.8   16.25  432 444 484 536  243 244 247 253 doublescan -hsync +vsync (30.3 kHz d)
[   269.114] (II) modeset(0): Modeline "432x243"x119.1   15.25  432 456 472 512  243 244 247 250 doublescan +hsync -vsync (29.8 kHz d)
[   269.114] (II) modeset(0): Modeline "320x240"x120.1   12.59  320 328 376 400  240 245 246 262 doublescan -hsync -vsync (31.5 kHz d)
[   269.114] (II) modeset(0): Modeline "360x202"x119.0   11.25  360 372 404 448  202 204 206 211 doublescan -hsync +vsync (25.1 kHz d)
[   269.114] (II) modeset(0): Modeline "360x202"x118.3   10.88  360 384 400 440  202 204 206 209 doublescan +hsync -vsync (24.7 kHz d)
[   269.114] (II) modeset(0): Modeline "320x180"x119.7    9.00  320 332 360 400  180 181 184 188 doublescan -hsync +vsync (22.5 kHz d)
[   269.114] (II) modeset(0): Modeline "320x180"x118.6    8.88  320 344 360 400  180 181 184 187 doublescan +hsync -vsync (22.2 kHz d)
[   269.119] (II) modeset(0): EDID for output HDMI-1
[   269.119] (II) modeset(0): Output eDP-1 connected
[   269.119] (II) modeset(0): Output HDMI-1 disconnected
[   269.119] (II) modeset(0): Using exact sizes for initial modes
[   269.119] (II) modeset(0): Output eDP-1 using initial mode 1366x768 +0+0
[   269.119] (==) modeset(0): Using gamma correction (1.0, 1.0, 1.0)
[   269.119] (==) modeset(0): DPI set to (96, 96)
[   269.119] (II) Loading sub module "fb"
[   269.119] (II) LoadModule: "fb"
[   269.119] (II) Loading /usr/lib/xorg/modules/libfb.so
[   269.119] (II) Module fb: vendor="X.Org Foundation"
[   269.119] 	compiled for 1.20.10, module version = 1.0.0
[   269.119] 	ABI class: X.Org ANSI C Emulation, version 0.4
[   269.133] (==) modeset(0): Backing store enabled
[   269.134] (==) modeset(0): Silken mouse disabled
[   269.206] (II) modeset(0): Initializing kms color map for depth 24, 8 bpc.
[   269.206] (==) modeset(0): DPMS enabled
[   269.206] (WW) modeset(0): Option "DRI" is not used
[   269.206] (II) modeset(0): [DRI2] Setup complete
[   269.207] (II) modeset(0): [DRI2]   DRI driver: iris
[   269.207] (II) modeset(0): [DRI2]   VDPAU driver: va_gl
[   269.207] (II) Initializing extension Generic Event Extension
[   269.207] (II) Initializing extension SHAPE
[   269.207] (II) Initializing extension MIT-SHM
[   269.207] (II) Initializing extension XInputExtension
[   269.207] (II) Initializing extension XTEST
[   269.207] (II) Initializing extension BIG-REQUESTS
[   269.207] (II) Initializing extension SYNC
[   269.207] (II) Initializing extension XKEYBOARD
[   269.207] (II) Initializing extension XC-MISC
[   269.207] (II) Initializing extension SECURITY
[   269.207] (II) Initializing extension XFIXES
[   269.207] (II) Initializing extension RENDER
[   269.207] (II) Initializing extension RANDR
[   269.207] (II) Initializing extension COMPOSITE
[   269.207] (II) Initializing extension DAMAGE
[   269.207] (II) Initializing extension MIT-SCREEN-SAVER
[   269.207] (II) Initializing extension DOUBLE-BUFFER
[   269.207] (II) Initializing extension RECORD
[   269.207] (II) Initializing extension DPMS
[   269.207] (II) Initializing extension Present
[   269.207] (II) Initializing extension DRI3
[   269.207] (II) Initializing extension X-Resource
[   269.207] (II) Initializing extension XVideo
[   269.207] (II) Initializing extension XVideo-MotionCompensation
[   269.207] (II) Initializing extension GLX
[   269.231] (II) AIGLX: Loaded and initialized iris
[   269.231] (II) GLX: Initialized DRI2 GL provider for screen 0
[   269.231] (II) Initializing extension XFree86-VidModeExtension
[   269.231] (II) Initializing extension XFree86-DGA
[   269.231] (II) Initializing extension XFree86-DRI
[   269.231] (II) Initializing extension DRI2
[   269.232] (II) modeset(0): Damage tracking initialized
[   269.232] (II) modeset(0): Setting screen physical size to 361 x 203
[   269.309] (II) config/udev: Adding input device Power Button (/dev/input/event2)
[   269.309] (**) Power Button: Applying InputClass "libinput keyboard catchall"
[   269.309] (II) LoadModule: "libinput"
[   269.309] (II) Loading /usr/lib/xorg/modules/input/libinput_drv.so
[   269.311] (II) Module libinput: vendor="X.Org Foundation"
[   269.311] 	compiled for 1.20.11, module version = 1.1.0
[   269.311] 	Module class: X.Org XInput Driver
[   269.311] 	ABI class: X.Org XInput driver, version 24.1
[   269.311] (II) Using input driver 'libinput' for 'Power Button'
[   269.312] (II) systemd-logind: got fd for /dev/input/event2 13:66 fd 19 paused 0
[   269.312] (**) Power Button: always reports core events
[   269.312] (**) Option "Device" "/dev/input/event2"
[   269.312] (**) Option "_source" "server/udev"
[   269.314] (II) event2  - Power Button: is tagged by udev as: Keyboard
[   269.314] (II) event2  - Power Button: device is a keyboard
[   269.314] (II) event2  - Power Button: device removed
[   269.314] (**) Option "config_info" "udev:/sys/devices/LNXSYSTM:00/LNXPWRBN:00/input/input2/event2"
[   269.314] (II) XINPUT: Adding extended input device "Power Button" (type: KEYBOARD, id 6)
[   269.315] (II) event2  - Power Button: is tagged by udev as: Keyboard
[   269.315] (II) event2  - Power Button: device is a keyboard
[   269.315] (II) config/udev: Adding input device Video Bus (/dev/input/event13)
[   269.315] (**) Video Bus: Applying InputClass "libinput keyboard catchall"
[   269.315] (II) Using input driver 'libinput' for 'Video Bus'
[   269.316] (II) systemd-logind: got fd for /dev/input/event13 13:77 fd 22 paused 0
[   269.316] (**) Video Bus: always reports core events
[   269.316] (**) Option "Device" "/dev/input/event13"
[   269.316] (**) Option "_source" "server/udev"
[   269.317] (II) event13 - Video Bus: is tagged by udev as: Keyboard
[   269.317] (II) event13 - Video Bus: device is a keyboard
[   269.317] (II) event13 - Video Bus: device removed
[   269.317] (**) Option "config_info" "udev:/sys/devices/LNXSYSTM:00/LNXSYBUS:00/PNP0A08:00/LNXVIDEO:00/input/input16/event13"
[   269.317] (II) XINPUT: Adding extended input device "Video Bus" (type: KEYBOARD, id 7)
[   269.318] (II) event13 - Video Bus: is tagged by udev as: Keyboard
[   269.318] (II) event13 - Video Bus: device is a keyboard
[   269.318] (II) config/udev: Adding input device Power Button (/dev/input/event1)
[   269.318] (**) Power Button: Applying InputClass "libinput keyboard catchall"
[   269.318] (II) Using input driver 'libinput' for 'Power Button'
[   269.319] (II) systemd-logind: got fd for /dev/input/event1 13:65 fd 23 paused 0
[   269.319] (**) Power Button: always reports core events
[   269.319] (**) Option "Device" "/dev/input/event1"
[   269.319] (**) Option "_source" "server/udev"
[   269.320] (II) event1  - Power Button: is tagged by udev as: Keyboard
[   269.320] (II) event1  - Power Button: device is a keyboard
[   269.320] (II) event1  - Power Button: device removed
[   269.320] (**) Option "config_info" "udev:/sys/devices/LNXSYSTM:00/LNXSYBUS:00/PNP0C0C:00/input/input1/event1"
[   269.320] (II) XINPUT: Adding extended input device "Power Button" (type: KEYBOARD, id 8)
[   269.321] (II) event1  - Power Button: is tagged by udev as: Keyboard
[   269.321] (II) event1  - Power Button: device is a keyboard
[   269.321] (II) config/udev: Adding input device Lid Switch (/dev/input/event0)
[   269.321] (II) No input driver specified, ignoring this device.
[   269.321] (II) This device may have been added with another device file.
[   269.322] (II) config/udev: Adding input device HP Wide Vision HD: HP Wide Visi (/dev/input/event23)
[   269.322] (**) HP Wide Vision HD: HP Wide Visi: Applying InputClass "libinput keyboard catchall"
[   269.322] (II) Using input driver 'libinput' for 'HP Wide Vision HD: HP Wide Visi'
[   269.323] (II) systemd-logind: got fd for /dev/input/event23 13:87 fd 24 paused 0
[   269.323] (**) HP Wide Vision HD: HP Wide Visi: always reports core events
[   269.323] (**) Option "Device" "/dev/input/event23"
[   269.323] (**) Option "_source" "server/udev"
[   269.324] (II) event23 - HP Wide Vision HD: HP Wide Visi: is tagged by udev as: Keyboard
[   269.324] (II) event23 - HP Wide Vision HD: HP Wide Visi: device is a keyboard
[   269.324] (II) event23 - HP Wide Vision HD: HP Wide Visi: device removed
[   269.324] (**) Option "config_info" "udev:/sys/devices/pci0000:00/0000:00:14.0/usb1/1-8/1-8:1.0/input/input29/event23"
[   269.324] (II) XINPUT: Adding extended input device "HP Wide Vision HD: HP Wide Visi" (type: KEYBOARD, id 9)
[   269.325] (II) event23 - HP Wide Vision HD: HP Wide Visi: is tagged by udev as: Keyboard
[   269.325] (II) event23 - HP Wide Vision HD: HP Wide Visi: device is a keyboard
[   269.326] (II) config/udev: Adding input device ELAN0732:00 04F3:2B45 (/dev/input/event10)
[   269.326] (**) ELAN0732:00 04F3:2B45: Applying InputClass "libinput touchscreen catchall"
[   269.326] (II) Using input driver 'libinput' for 'ELAN0732:00 04F3:2B45'
[   269.327] (II) systemd-logind: got fd for /dev/input/event10 13:74 fd 25 paused 0
[   269.327] (**) ELAN0732:00 04F3:2B45: always reports core events
[   269.327] (**) Option "Device" "/dev/input/event10"
[   269.327] (**) Option "_source" "server/udev"
[   269.328] (II) event10 - ELAN0732:00 04F3:2B45: is tagged by udev as: Touchscreen
[   269.328] (II) event10 - ELAN0732:00 04F3:2B45: device is a touch device
[   269.328] (II) event10 - ELAN0732:00 04F3:2B45: device removed
[   269.328] (**) Option "config_info" "udev:/sys/devices/pci0000:00/0000:00:15.1/i2c_designware.1/i2c-1/i2c-ELAN0732:00/0018:04F3:2B45.0001/input/input17/event10"
[   269.328] (II) XINPUT: Adding extended input device "ELAN0732:00 04F3:2B45" (type: TOUCHSCREEN, id 10)
[   269.328] (**) Option "AccelerationScheme" "none"
[   269.328] (**) ELAN0732:00 04F3:2B45: (accel) selected scheme none/0
[   269.328] (**) ELAN0732:00 04F3:2B45: (accel) acceleration factor: 2.000
[   269.328] (**) ELAN0732:00 04F3:2B45: (accel) acceleration threshold: 4
[   269.329] (II) event10 - ELAN0732:00 04F3:2B45: is tagged by udev as: Touchscreen
[   269.329] (II) event10 - ELAN0732:00 04F3:2B45: device is a touch device
[   269.330] (II) config/udev: Adding input device ELAN0732:00 04F3:2B45 (/dev/input/mouse1)
[   269.330] (II) No input driver specified, ignoring this device.
[   269.330] (II) This device may have been added with another device file.
[   269.331] (II) config/udev: Adding input device ELAN0732:00 04F3:2B45 UNKNOWN (/dev/input/event11)
[   269.331] (II) No input driver specified, ignoring this device.
[   269.331] (II) This device may have been added with another device file.
[   269.331] (II) config/udev: Adding input device ELAN0732:00 04F3:2B45 UNKNOWN (/dev/input/event12)
[   269.331] (II) No input driver specified, ignoring this device.
[   269.331] (II) This device may have been added with another device file.
[   269.332] (II) config/udev: Adding input device Intel Virtual Buttons (/dev/input/event5)
[   269.332] (**) Intel Virtual Buttons: Applying InputClass "libinput keyboard catchall"
[   269.332] (II) Using input driver 'libinput' for 'Intel Virtual Buttons'
[   269.332] (II) systemd-logind: got fd for /dev/input/event5 13:69 fd 26 paused 0
[   269.332] (**) Intel Virtual Buttons: always reports core events
[   269.332] (**) Option "Device" "/dev/input/event5"
[   269.332] (**) Option "_source" "server/udev"
[   269.333] (II) event5  - Intel Virtual Buttons: is tagged by udev as: Keyboard
[   269.333] (II) event5  - Intel Virtual Buttons: device is a keyboard
[   269.333] (II) event5  - Intel Virtual Buttons: device removed
[   269.333] (**) Option "config_info" "udev:/sys/devices/pci0000:00/0000:00:1f.0/PNP0C09:01/INT33D6:01/input/input6/event5"
[   269.334] (II) XINPUT: Adding extended input device "Intel Virtual Buttons" (type: KEYBOARD, id 11)
[   269.334] (II) event5  - Intel Virtual Buttons: is tagged by udev as: Keyboard
[   269.334] (II) event5  - Intel Virtual Buttons: device is a keyboard
[   269.335] (II) config/udev: Adding input device Intel Virtual Switches (/dev/input/event6)
[   269.335] (II) No input driver specified, ignoring this device.
[   269.335] (II) This device may have been added with another device file.
[   269.335] (II) config/udev: Adding input device HDA Intel PCH Mic (/dev/input/event15)
[   269.335] (II) No input driver specified, ignoring this device.
[   269.335] (II) This device may have been added with another device file.
[   269.336] (II) config/udev: Adding input device HDA Intel PCH Headphone (/dev/input/event16)
[   269.336] (II) No input driver specified, ignoring this device.
[   269.336] (II) This device may have been added with another device file.
[   269.336] (II) config/udev: Adding input device HDA Intel PCH HDMI/DP,pcm=3 (/dev/input/event17)
[   269.336] (II) No input driver specified, ignoring this device.
[   269.336] (II) This device may have been added with another device file.
[   269.336] (II) config/udev: Adding input device HDA Intel PCH HDMI/DP,pcm=7 (/dev/input/event18)
[   269.336] (II) No input driver specified, ignoring this device.
[   269.336] (II) This device may have been added with another device file.
[   269.337] (II) config/udev: Adding input device HDA Intel PCH HDMI/DP,pcm=8 (/dev/input/event19)
[   269.337] (II) No input driver specified, ignoring this device.
[   269.337] (II) This device may have been added with another device file.
[   269.337] (II) config/udev: Adding input device HDA Intel PCH HDMI/DP,pcm=9 (/dev/input/event20)
[   269.337] (II) No input driver specified, ignoring this device.
[   269.337] (II) This device may have been added with another device file.
[   269.337] (II) config/udev: Adding input device HDA Intel PCH HDMI/DP,pcm=10 (/dev/input/event21)
[   269.337] (II) No input driver specified, ignoring this device.
[   269.337] (II) This device may have been added with another device file.
[   269.338] (II) config/udev: Adding input device Intel Virtual Buttons (/dev/input/event7)
[   269.338] (**) Intel Virtual Buttons: Applying InputClass "libinput keyboard catchall"
[   269.338] (II) Using input driver 'libinput' for 'Intel Virtual Buttons'
[   269.339] (II) systemd-logind: got fd for /dev/input/event7 13:71 fd 27 paused 0
[   269.339] (**) Intel Virtual Buttons: always reports core events
[   269.339] (**) Option "Device" "/dev/input/event7"
[   269.339] (**) Option "_source" "server/udev"
[   269.339] (II) event7  - Intel Virtual Buttons: is tagged by udev as: Keyboard
[   269.339] (II) event7  - Intel Virtual Buttons: device is a keyboard
[   269.339] (II) event7  - Intel Virtual Buttons: device removed
[   269.339] (**) Option "config_info" "udev:/sys/devices/platform/INT33D6:00/input/input8/event7"
[   269.339] (II) XINPUT: Adding extended input device "Intel Virtual Buttons" (type: KEYBOARD, id 12)
[   269.340] (II) event7  - Intel Virtual Buttons: is tagged by udev as: Keyboard
[   269.340] (II) event7  - Intel Virtual Buttons: device is a keyboard
[   269.341] (II) config/udev: Adding input device Intel Virtual Switches (/dev/input/event8)
[   269.341] (II) No input driver specified, ignoring this device.
[   269.341] (II) This device may have been added with another device file.
[   269.341] (II) config/udev: Adding input device AT Translated Set 2 keyboard (/dev/input/event3)
[   269.341] (**) AT Translated Set 2 keyboard: Applying InputClass "libinput keyboard catchall"
[   269.341] (II) Using input driver 'libinput' for 'AT Translated Set 2 keyboard'
[   269.342] (II) systemd-logind: got fd for /dev/input/event3 13:67 fd 28 paused 0
[   269.342] (**) AT Translated Set 2 keyboard: always reports core events
[   269.342] (**) Option "Device" "/dev/input/event3"
[   269.342] (**) Option "_source" "server/udev"
[   269.343] (II) event3  - AT Translated Set 2 keyboard: is tagged by udev as: Keyboard
[   269.343] (II) event3  - AT Translated Set 2 keyboard: device is a keyboard
[   269.344] (II) event3  - AT Translated Set 2 keyboard: device removed
[   269.344] (**) Option "config_info" "udev:/sys/devices/platform/i8042/serio0/input/input3/event3"
[   269.344] (II) XINPUT: Adding extended input device "AT Translated Set 2 keyboard" (type: KEYBOARD, id 13)
[   269.344] (II) event3  - AT Translated Set 2 keyboard: is tagged by udev as: Keyboard
[   269.345] (II) event3  - AT Translated Set 2 keyboard: device is a keyboard
[   269.346] (II) config/udev: Adding input device ETPS/2 Elantech Touchpad (/dev/input/event14)
[   269.346] (**) ETPS/2 Elantech Touchpad: Applying InputClass "libinput touchpad catchall"
[   269.346] (II) Using input driver 'libinput' for 'ETPS/2 Elantech Touchpad'
[   269.346] (II) systemd-logind: got fd for /dev/input/event14 13:78 fd 29 paused 0
[   269.346] (**) ETPS/2 Elantech Touchpad: always reports core events
[   269.346] (**) Option "Device" "/dev/input/event14"
[   269.346] (**) Option "_source" "server/udev"
[   269.347] (II) event14 - ETPS/2 Elantech Touchpad: is tagged by udev as: Touchpad
[   269.348] (II) event14 - ETPS/2 Elantech Touchpad: device is a touchpad
[   269.349] (II) event14 - ETPS/2 Elantech Touchpad: device removed
[   269.349] (**) Option "config_info" "udev:/sys/devices/platform/i8042/serio1/input/input15/event14"
[   269.349] (II) XINPUT: Adding extended input device "ETPS/2 Elantech Touchpad" (type: TOUCHPAD, id 14)
[   269.350] (**) Option "AccelerationScheme" "none"
[   269.350] (**) ETPS/2 Elantech Touchpad: (accel) selected scheme none/0
[   269.350] (**) ETPS/2 Elantech Touchpad: (accel) acceleration factor: 2.000
[   269.350] (**) ETPS/2 Elantech Touchpad: (accel) acceleration threshold: 4
[   269.351] (II) event14 - ETPS/2 Elantech Touchpad: is tagged by udev as: Touchpad
[   269.352] (II) event14 - ETPS/2 Elantech Touchpad: device is a touchpad
[   269.353] (II) config/udev: Adding input device ETPS/2 Elantech Touchpad (/dev/input/mouse0)
[   269.353] (II) No input driver specified, ignoring this device.
[   269.353] (II) This device may have been added with another device file.
[   269.353] (II) config/udev: Adding input device PC Speaker (/dev/input/event9)
[   269.353] (II) No input driver specified, ignoring this device.
[   269.353] (II) This device may have been added with another device file.
[   269.355] (II) config/udev: Adding input device HP WMI hotkeys (/dev/input/event22)
[   269.355] (**) HP WMI hotkeys: Applying InputClass "libinput keyboard catchall"
[   269.355] (II) Using input driver 'libinput' for 'HP WMI hotkeys'
[   269.356] (II) systemd-logind: got fd for /dev/input/event22 13:86 fd 30 paused 0
[   269.356] (**) HP WMI hotkeys: always reports core events
[   269.356] (**) Option "Device" "/dev/input/event22"
[   269.356] (**) Option "_source" "server/udev"
[   269.357] (II) event22 - HP WMI hotkeys: is tagged by udev as: Keyboard Switch
[   269.357] (II) event22 - HP WMI hotkeys: device is a keyboard
[   269.357] (II) event22 - HP WMI hotkeys: device removed
[   269.357] (**) Option "config_info" "udev:/sys/devices/virtual/input/input21/event22"
[   269.357] (II) XINPUT: Adding extended input device "HP WMI hotkeys" (type: KEYBOARD, id 15)
[   269.358] (II) event22 - HP WMI hotkeys: is tagged by udev as: Keyboard Switch
[   269.358] (II) event22 - HP WMI hotkeys: device is a keyboard
[   269.358] (II) config/udev: Adding input device HP Wireless hotkeys (/dev/input/event4)
[   269.358] (**) HP Wireless hotkeys: Applying InputClass "libinput keyboard catchall"
[   269.358] (II) Using input driver 'libinput' for 'HP Wireless hotkeys'
[   269.359] (II) systemd-logind: got fd for /dev/input/event4 13:68 fd 31 paused 0
[   269.359] (**) HP Wireless hotkeys: always reports core events
[   269.359] (**) Option "Device" "/dev/input/event4"
[   269.359] (**) Option "_source" "server/udev"
[   269.359] (II) event4  - HP Wireless hotkeys: is tagged by udev as: Keyboard
[   269.359] (II) event4  - HP Wireless hotkeys: device is a keyboard
[   269.360] (II) event4  - HP Wireless hotkeys: device removed
[   269.360] (**) Option "config_info" "udev:/sys/devices/virtual/input/input5/event4"
[   269.360] (II) XINPUT: Adding extended input device "HP Wireless hotkeys" (type: KEYBOARD, id 16)
[   269.360] (II) event4  - HP Wireless hotkeys: is tagged by udev as: Keyboard
[   269.360] (II) event4  - HP Wireless hotkeys: device is a keyboard
[   270.494] (II) modeset(0): EDID vendor "LGD", prod id 1272
[   270.494] (II) modeset(0): Printing DDC gathered Modelines:
[   270.494] (II) modeset(0): Modeline "1366x768"x0.0   76.30  1366 1414 1446 1608  768 771 776 790 -hsync -vsync (47.5 kHz eP)
[   270.494] (II) modeset(0): Modeline "1366x768"x0.0   61.04  1366 1414 1446 1608  768 771 776 790 -hsync -vsync (38.0 kHz e)
[   285.838] (**) Option "fd" "19"
[   285.838] (II) event2  - Power Button: device removed
[   285.838] (**) Option "fd" "22"
[   285.838] (II) event13 - Video Bus: device removed
[   285.838] (**) Option "fd" "23"
[   285.838] (II) event1  - Power Button: device removed
[   285.838] (**) Option "fd" "24"
[   285.838] (II) event23 - HP Wide Vision HD: HP Wide Visi: device removed
[   285.838] (**) Option "fd" "25"
[   285.838] (II) event10 - ELAN0732:00 04F3:2B45: device removed
[   285.838] (**) Option "fd" "26"
[   285.838] (II) event5  - Intel Virtual Buttons: device removed
[   285.838] (**) Option "fd" "27"
[   285.838] (II) event7  - Intel Virtual Buttons: device removed
[   285.838] (**) Option "fd" "28"
[   285.838] (II) event3  - AT Translated Set 2 keyboard: device removed
[   285.838] (**) Option "fd" "29"
[   285.838] (II) event14 - ETPS/2 Elantech Touchpad: device removed
[   285.838] (**) Option "fd" "30"
[   285.838] (II) event22 - HP WMI hotkeys: device removed
[   285.838] (**) Option "fd" "31"
[   285.838] (II) event4  - HP Wireless hotkeys: device removed
[   285.857] (II) UnloadModule: "libinput"
[   285.857] (II) systemd-logind: releasing fd for 13:68
[   285.953] (II) UnloadModule: "libinput"
[   286.304] (II) systemd-logind: releasing fd for 13:86
[   286.357] (II) UnloadModule: "libinput"
[   286.357] (II) systemd-logind: releasing fd for 13:78
[   286.396] (II) UnloadModule: "libinput"
[   286.396] (II) systemd-logind: releasing fd for 13:67
[   286.420] (II) UnloadModule: "libinput"
[   286.420] (II) systemd-logind: releasing fd for 13:71
[   286.467] (II) UnloadModule: "libinput"
[   286.467] (II) systemd-logind: releasing fd for 13:69
[   286.507] (II) UnloadModule: "libinput"
[   286.507] (II) systemd-logind: releasing fd for 13:74
[   286.587] (II) UnloadModule: "libinput"
[   286.587] (II) systemd-logind: releasing fd for 13:87
[   286.653] (II) UnloadModule: "libinput"
[   286.654] (II) systemd-logind: releasing fd for 13:65
[   286.677] (II) UnloadModule: "libinput"
[   286.677] (II) systemd-logind: releasing fd for 13:77
[   286.731] (II) UnloadModule: "libinput"
[   286.731] (II) systemd-logind: releasing fd for 13:66
[   286.752] (WW) xf86CloseConsole: KDSETMODE failed: Input/output error
[   286.752] (WW) xf86CloseConsole: VT_GETMODE failed: Input/output error
[   286.752] (WW) xf86CloseConsole: VT_ACTIVATE failed: Input/output error
[   286.754] (II) Server terminated successfully (0). Closing log file.
