[2021-08-12 14:12:47.017] [exthost] [info] extension host started
[2021-08-12 14:12:47.044] [exthost] [info] ExtensionService#_doActivateExtension vscode.microsoft-authentication {"startup":false,"extensionId":{"value":"vscode.microsoft-authentication","_lower":"vscode.microsoft-authentication"},"activationEvent":"onAuthenticationRequest:microsoft"}
[2021-08-12 14:12:47.044] [exthost] [info] ExtensionService#loadCommonJSModule file:///opt/visual-studio-code/resources/app/extensions/microsoft-authentication/dist/extension.js
[2021-08-12 14:12:47.322] [exthost] [info] ExtensionService#_doActivateExtension vscode.debug-auto-launch {"startup":true,"extensionId":{"value":"vscode.debug-auto-launch","_lower":"vscode.debug-auto-launch"},"activationEvent":"*"}
[2021-08-12 14:12:47.322] [exthost] [info] ExtensionService#loadCommonJSModule file:///opt/visual-studio-code/resources/app/extensions/debug-auto-launch/dist/extension
[2021-08-12 14:12:47.756] [exthost] [info] ExtensionService#_doActivateExtension vscode.emmet {"startup":true,"extensionId":{"value":"vscode.emmet","_lower":"vscode.emmet"},"activationEvent":"*"}
[2021-08-12 14:12:47.756] [exthost] [info] ExtensionService#loadCommonJSModule file:///opt/visual-studio-code/resources/app/extensions/emmet/dist/node/emmetNodeMain
[2021-08-12 14:12:48.399] [exthost] [info] ExtensionService#_doActivateExtension vscode.git {"startup":true,"extensionId":{"value":"vscode.github","_lower":"vscode.github"},"activationEvent":"*"}
[2021-08-12 14:12:48.400] [exthost] [info] ExtensionService#loadCommonJSModule file:///opt/visual-studio-code/resources/app/extensions/git/dist/main
[2021-08-12 14:12:48.892] [exthost] [info] ExtensionService#_doActivateExtension vscode.merge-conflict {"startup":true,"extensionId":{"value":"vscode.merge-conflict","_lower":"vscode.merge-conflict"},"activationEvent":"*"}
[2021-08-12 14:12:48.893] [exthost] [info] ExtensionService#loadCommonJSModule file:///opt/visual-studio-code/resources/app/extensions/merge-conflict/dist/mergeConflictMain
[2021-08-12 14:12:49.355] [exthost] [info] ExtensionService#_doActivateExtension vscode.search-result {"startup":true,"extensionId":{"value":"vscode.search-result","_lower":"vscode.search-result"},"activationEvent":"*"}
[2021-08-12 14:12:49.355] [exthost] [info] ExtensionService#loadCommonJSModule file:///opt/visual-studio-code/resources/app/extensions/search-result/dist/extension.js
[2021-08-12 14:12:49.584] [exthost] [info] ExtensionService#_doActivateExtension Equinusocio.vsc-material-theme {"startup":true,"extensionId":{"value":"Equinusocio.vsc-material-theme","_lower":"equinusocio.vsc-material-theme"},"activationEvent":"*"}
[2021-08-12 14:12:49.585] [exthost] [info] ExtensionService#loadCommonJSModule file:///home/ape/.vscode/extensions/equinusocio.vsc-material-theme-33.1.2/build/material.theme.config
[2021-08-12 14:12:52.067] [exthost] [info] ExtensionService#_doActivateExtension formulahendry.terminal {"startup":true,"extensionId":{"value":"formulahendry.terminal","_lower":"formulahendry.terminal"},"activationEvent":"*"}
[2021-08-12 14:12:52.068] [exthost] [info] ExtensionService#loadCommonJSModule file:///home/ape/.vscode/extensions/formulahendry.terminal-0.0.10/out/src/extension
[2021-08-12 14:12:53.455] [exthost] [info] ExtensionService#_doActivateExtension oderwat.indent-rainbow {"startup":true,"extensionId":{"value":"oderwat.indent-rainbow","_lower":"oderwat.indent-rainbow"},"activationEvent":"*"}
[2021-08-12 14:12:53.455] [exthost] [info] ExtensionService#loadCommonJSModule file:///home/ape/.vscode/extensions/oderwat.indent-rainbow-7.4.0/out/extension
[2021-08-12 14:12:53.508] [exthost] [info] ExtensionService#_doActivateExtension PKief.material-icon-theme {"startup":true,"extensionId":{"value":"PKief.material-icon-theme","_lower":"pkief.material-icon-theme"},"activationEvent":"*"}
[2021-08-12 14:12:53.508] [exthost] [info] ExtensionService#loadCommonJSModule file:///home/ape/.vscode/extensions/pkief.material-icon-theme-4.9.0/dist/extension
[2021-08-12 14:12:53.864] [exthost] [info] ExtensionService#_doActivateExtension PrimaFuture.open-php-html-js-in-browser {"startup":true,"extensionId":{"value":"PrimaFuture.open-php-html-js-in-browser","_lower":"primafuture.open-php-html-js-in-browser"},"activationEvent":"*"}
[2021-08-12 14:12:53.865] [exthost] [info] ExtensionService#loadCommonJSModule file:///home/ape/.vscode/extensions/primafuture.open-php-html-js-in-browser-2.0.1/out/extension
[2021-08-12 14:12:55.198] [exthost] [info] ExtensionService#_doActivateExtension ritwickdey.LiveServer {"startup":true,"extensionId":{"value":"ritwickdey.LiveServer","_lower":"ritwickdey.liveserver"},"activationEvent":"*"}
[2021-08-12 14:12:55.198] [exthost] [info] ExtensionService#loadCommonJSModule file:///home/ape/.vscode/extensions/ritwickdey.liveserver-5.6.1/out/src/extension
[2021-08-12 14:15:05.227] [exthost] [info] ExtensionService#_doActivateExtension RobbOwen.synthwave-vscode {"startup":true,"extensionId":{"value":"RobbOwen.synthwave-vscode","_lower":"robbowen.synthwave-vscode"},"activationEvent":"*"}
[2021-08-12 14:15:05.227] [exthost] [info] ExtensionService#loadCommonJSModule file:///home/ape/.vscode/extensions/robbowen.synthwave-vscode-0.1.8/src/extension.js
[2021-08-12 14:15:06.647] [exthost] [info] ExtensionService#_doActivateExtension Dart-Code.dart-code {"startup":true,"extensionId":{"value":"Dart-Code.dart-code","_lower":"dart-code.dart-code"},"activationEvent":"workspaceContainsTimeout:**/pubspec.yaml,**/*.dart"}
[2021-08-12 14:15:06.648] [exthost] [info] ExtensionService#loadCommonJSModule file:///home/ape/.vscode/extensions/dart-code.dart-code-3.17.1/out/dist/extension
[2021-08-12 14:15:07.240] [exthost] [info] ExtensionService#_doActivateExtension vscjava.vscode-maven {"startup":true,"extensionId":{"value":"vscjava.vscode-maven","_lower":"vscjava.vscode-maven"},"activationEvent":"workspaceContainsTimeout:**/pom.xml"}
[2021-08-12 14:15:07.240] [exthost] [info] ExtensionService#loadCommonJSModule file:///home/ape/.vscode/extensions/vscjava.vscode-maven-0.30.1/dist/extension
[2021-08-12 14:15:07.540] [exthost] [info] ExtensionService#_doActivateExtension CoenraadS.bracket-pair-colorizer-2 {"startup":false,"extensionId":{"value":"CoenraadS.bracket-pair-colorizer-2","_lower":"coenraads.bracket-pair-colorizer-2"},"activationEvent":"onStartupFinished"}
[2021-08-12 14:15:07.540] [exthost] [info] ExtensionService#loadCommonJSModule file:///home/ape/.vscode/extensions/coenraads.bracket-pair-colorizer-2-0.2.1/out/src/extension
[2021-08-12 14:15:21.077] [exthost] [info] ExtensionService#_doActivateExtension formulahendry.code-runner {"startup":false,"extensionId":{"value":"formulahendry.code-runner","_lower":"formulahendry.code-runner"},"activationEvent":"onStartupFinished"}
[2021-08-12 14:15:21.078] [exthost] [info] ExtensionService#loadCommonJSModule file:///home/ape/.vscode/extensions/formulahendry.code-runner-0.11.2/out/src/extension
[2021-08-12 14:15:32.526] [exthost] [info] ExtensionService#_doActivateExtension ms-vscode-remote.remote-containers {"startup":false,"extensionId":{"value":"ms-vscode-remote.remote-containers","_lower":"ms-vscode-remote.remote-containers"},"activationEvent":"onStartupFinished"}
[2021-08-12 14:15:32.527] [exthost] [info] ExtensionService#loadCommonJSModule file:///home/ape/.vscode/extensions/ms-vscode-remote.remote-containers-0.148.1/dist/extension
[2021-08-12 14:15:35.546] [exthost] [info] ExtensionService#_doActivateExtension ms-vscode.js-debug {"startup":false,"extensionId":{"value":"ms-vscode.js-debug","_lower":"ms-vscode.js-debug"},"activationEvent":"onCommand:extension.js-debug.clearAutoAttachVariables"}
[2021-08-12 14:15:35.546] [exthost] [info] ExtensionService#loadCommonJSModule file:///opt/visual-studio-code/resources/app/extensions/ms-vscode.js-debug/src/extension.js
[2021-08-12 14:15:36.234] [exthost] [info] ExtensionService#_doActivateExtension vscode.github {"startup":false,"extensionId":{"value":"vscode.github","_lower":"vscode.github"},"activationEvent":"*"}
[2021-08-12 14:15:36.234] [exthost] [info] ExtensionService#loadCommonJSModule file:///opt/visual-studio-code/resources/app/extensions/github/dist/extension.js
[2021-08-12 14:15:36.644] [exthost] [info] ExtensionService#_doActivateExtension vscode.github-authentication {"startup":false,"extensionId":{"value":"vscode.github-authentication","_lower":"vscode.github-authentication"},"activationEvent":"onAuthenticationRequest:github"}
[2021-08-12 14:15:36.644] [exthost] [info] ExtensionService#loadCommonJSModule file:///opt/visual-studio-code/resources/app/extensions/github-authentication/dist/extension.js
[2021-08-12 14:15:39.662] [exthost] [info] eager extensions activated
[2021-08-12 14:17:07.798] [exthost] [warning] [Decorations] CAPPING events from decorations provider vscode.git 5000
[2021-08-12 14:17:08.003] [exthost] [info] ExtensionService#_doActivateExtension vscode.configuration-editing {"startup":false,"extensionId":{"value":"vscode.configuration-editing","_lower":"vscode.configuration-editing"},"activationEvent":"onLanguage:jsonc"}
[2021-08-12 14:17:08.004] [exthost] [info] ExtensionService#loadCommonJSModule file:///opt/visual-studio-code/resources/app/extensions/configuration-editing/dist/configurationEditingMain
[2021-08-12 14:17:08.106] [exthost] [info] ExtensionService#_doActivateExtension vscode.json-language-features {"startup":false,"extensionId":{"value":"vscode.json-language-features","_lower":"vscode.json-language-features"},"activationEvent":"onLanguage:jsonc"}
[2021-08-12 14:17:08.106] [exthost] [info] ExtensionService#loadCommonJSModule file:///opt/visual-studio-code/resources/app/extensions/json-language-features/client/dist/node/jsonClientMain
[2021-08-12 14:17:08.157] [exthost] [info] ExtensionService#_doActivateExtension vscode.typescript-language-features {"startup":false,"extensionId":{"value":"vscode.typescript-language-features","_lower":"vscode.typescript-language-features"},"activationEvent":"onLanguage:jsonc"}
[2021-08-12 14:17:08.157] [exthost] [info] ExtensionService#loadCommonJSModule file:///opt/visual-studio-code/resources/app/extensions/typescript-language-features/dist/extension
