[2021-06-15 12:58:09.205] [exthost] [info] extension host started
[2021-06-15 12:58:09.367] [exthost] [info] ExtensionService#_doActivateExtension vscode.microsoft-authentication {"startup":false,"extensionId":{"value":"vscode.microsoft-authentication","_lower":"vscode.microsoft-authentication"},"activationEvent":"onAuthenticationRequest:microsoft"}
[2021-06-15 12:58:09.367] [exthost] [info] ExtensionService#loadCommonJSModule file:///opt/visual-studio-code/resources/app/extensions/microsoft-authentication/dist/extension.js
[2021-06-15 12:58:09.417] [exthost] [info] ExtensionService#_doActivateExtension alexcvzz.vscode-sqlite {"startup":false,"extensionId":{"value":"alexcvzz.vscode-sqlite","_lower":"alexcvzz.vscode-sqlite"},"activationEvent":"onLanguage:sqlite"}
[2021-06-15 12:58:09.417] [exthost] [info] ExtensionService#loadCommonJSModule file:///home/ape/.vscode/extensions/alexcvzz.vscode-sqlite-0.13.0/dist/extension
[2021-06-15 12:58:09.478] [exthost] [info] ExtensionService#_doActivateExtension vscode.debug-auto-launch {"startup":true,"extensionId":{"value":"vscode.debug-auto-launch","_lower":"vscode.debug-auto-launch"},"activationEvent":"*"}
[2021-06-15 12:58:09.479] [exthost] [info] ExtensionService#loadCommonJSModule file:///opt/visual-studio-code/resources/app/extensions/debug-auto-launch/dist/extension
[2021-06-15 12:58:09.585] [exthost] [info] ExtensionService#_doActivateExtension vscode.emmet {"startup":true,"extensionId":{"value":"vscode.emmet","_lower":"vscode.emmet"},"activationEvent":"*"}
[2021-06-15 12:58:09.586] [exthost] [info] ExtensionService#loadCommonJSModule file:///opt/visual-studio-code/resources/app/extensions/emmet/dist/node/emmetNodeMain
[2021-06-15 12:58:09.683] [exthost] [info] ExtensionService#_doActivateExtension vscode.git {"startup":true,"extensionId":{"value":"vscode.github","_lower":"vscode.github"},"activationEvent":"*"}
[2021-06-15 12:58:09.683] [exthost] [info] ExtensionService#loadCommonJSModule file:///opt/visual-studio-code/resources/app/extensions/git/dist/main
[2021-06-15 12:58:09.832] [exthost] [info] ExtensionService#_doActivateExtension vscode.merge-conflict {"startup":true,"extensionId":{"value":"vscode.merge-conflict","_lower":"vscode.merge-conflict"},"activationEvent":"*"}
[2021-06-15 12:58:09.832] [exthost] [info] ExtensionService#loadCommonJSModule file:///opt/visual-studio-code/resources/app/extensions/merge-conflict/dist/mergeConflictMain
[2021-06-15 12:58:09.918] [exthost] [info] ExtensionService#_doActivateExtension vscode.search-result {"startup":true,"extensionId":{"value":"vscode.search-result","_lower":"vscode.search-result"},"activationEvent":"*"}
[2021-06-15 12:58:09.918] [exthost] [info] ExtensionService#loadCommonJSModule file:///opt/visual-studio-code/resources/app/extensions/search-result/dist/extension.js
[2021-06-15 12:58:10.063] [exthost] [info] ExtensionService#_doActivateExtension Equinusocio.vsc-material-theme {"startup":true,"extensionId":{"value":"Equinusocio.vsc-material-theme","_lower":"equinusocio.vsc-material-theme"},"activationEvent":"*"}
[2021-06-15 12:58:10.063] [exthost] [info] ExtensionService#loadCommonJSModule file:///home/ape/.vscode/extensions/equinusocio.vsc-material-theme-33.1.2/build/material.theme.config
[2021-06-15 12:58:10.288] [exthost] [info] ExtensionService#_doActivateExtension formulahendry.terminal {"startup":true,"extensionId":{"value":"formulahendry.terminal","_lower":"formulahendry.terminal"},"activationEvent":"*"}
[2021-06-15 12:58:10.289] [exthost] [info] ExtensionService#loadCommonJSModule file:///home/ape/.vscode/extensions/formulahendry.terminal-0.0.10/out/src/extension
[2021-06-15 12:58:10.363] [exthost] [info] ExtensionService#_doActivateExtension oderwat.indent-rainbow {"startup":true,"extensionId":{"value":"oderwat.indent-rainbow","_lower":"oderwat.indent-rainbow"},"activationEvent":"*"}
[2021-06-15 12:58:10.363] [exthost] [info] ExtensionService#loadCommonJSModule file:///home/ape/.vscode/extensions/oderwat.indent-rainbow-7.4.0/out/extension
[2021-06-15 12:58:10.378] [exthost] [info] ExtensionService#_doActivateExtension PKief.material-icon-theme {"startup":true,"extensionId":{"value":"PKief.material-icon-theme","_lower":"pkief.material-icon-theme"},"activationEvent":"*"}
[2021-06-15 12:58:10.378] [exthost] [info] ExtensionService#loadCommonJSModule file:///home/ape/.vscode/extensions/pkief.material-icon-theme-4.7.0/dist/extension
[2021-06-15 12:58:10.459] [exthost] [info] ExtensionService#_doActivateExtension PrimaFuture.open-php-html-js-in-browser {"startup":true,"extensionId":{"value":"PrimaFuture.open-php-html-js-in-browser","_lower":"primafuture.open-php-html-js-in-browser"},"activationEvent":"*"}
[2021-06-15 12:58:10.460] [exthost] [info] ExtensionService#loadCommonJSModule file:///home/ape/.vscode/extensions/primafuture.open-php-html-js-in-browser-2.0.1/out/extension
[2021-06-15 12:58:10.586] [exthost] [info] ExtensionService#_doActivateExtension ritwickdey.LiveServer {"startup":true,"extensionId":{"value":"ritwickdey.LiveServer","_lower":"ritwickdey.liveserver"},"activationEvent":"*"}
[2021-06-15 12:58:10.586] [exthost] [info] ExtensionService#loadCommonJSModule file:///home/ape/.vscode/extensions/ritwickdey.liveserver-5.6.1/out/src/extension
[2021-06-15 12:58:12.616] [exthost] [info] ExtensionService#_doActivateExtension RobbOwen.synthwave-vscode {"startup":true,"extensionId":{"value":"RobbOwen.synthwave-vscode","_lower":"robbowen.synthwave-vscode"},"activationEvent":"*"}
[2021-06-15 12:58:12.616] [exthost] [info] ExtensionService#loadCommonJSModule file:///home/ape/.vscode/extensions/robbowen.synthwave-vscode-0.1.8/src/extension.js
[2021-06-15 12:58:13.442] [exthost] [info] ExtensionService#_doActivateExtension ms-vscode.js-debug {"startup":false,"extensionId":{"value":"ms-vscode.js-debug","_lower":"ms-vscode.js-debug"},"activationEvent":"onCommand:extension.js-debug.clearAutoAttachVariables"}
[2021-06-15 12:58:13.442] [exthost] [info] ExtensionService#loadCommonJSModule file:///opt/visual-studio-code/resources/app/extensions/ms-vscode.js-debug/src/extension.js
[2021-06-15 12:58:13.979] [exthost] [info] ExtensionService#_doActivateExtension vscode.github {"startup":false,"extensionId":{"value":"vscode.github","_lower":"vscode.github"},"activationEvent":"*"}
[2021-06-15 12:58:13.979] [exthost] [info] ExtensionService#loadCommonJSModule file:///opt/visual-studio-code/resources/app/extensions/github/dist/extension.js
[2021-06-15 12:58:14.112] [exthost] [info] ExtensionService#_doActivateExtension vscode.github-authentication {"startup":false,"extensionId":{"value":"vscode.github-authentication","_lower":"vscode.github-authentication"},"activationEvent":"onAuthenticationRequest:github"}
[2021-06-15 12:58:14.112] [exthost] [info] ExtensionService#loadCommonJSModule file:///opt/visual-studio-code/resources/app/extensions/github-authentication/dist/extension.js
[2021-06-15 12:58:14.253] [exthost] [info] eager extensions activated
[2021-06-15 12:58:14.276] [exthost] [info] ExtensionService#_doActivateExtension formulahendry.code-runner {"startup":false,"extensionId":{"value":"formulahendry.code-runner","_lower":"formulahendry.code-runner"},"activationEvent":"onStartupFinished"}
[2021-06-15 12:58:14.276] [exthost] [info] ExtensionService#loadCommonJSModule file:///home/ape/.vscode/extensions/formulahendry.code-runner-0.11.2/out/src/extension
[2021-06-15 12:58:14.888] [exthost] [info] ExtensionService#_doActivateExtension ms-vscode-remote.remote-containers {"startup":false,"extensionId":{"value":"ms-vscode-remote.remote-containers","_lower":"ms-vscode-remote.remote-containers"},"activationEvent":"onStartupFinished"}
[2021-06-15 12:58:14.888] [exthost] [info] ExtensionService#loadCommonJSModule file:///home/ape/.vscode/extensions/ms-vscode-remote.remote-containers-0.148.1/dist/extension
