[2021-08-10 13:22:17.830] [exthost] [info] extension host started
[2021-08-10 13:22:17.858] [exthost] [info] ExtensionService#_doActivateExtension vscode.microsoft-authentication {"startup":false,"extensionId":{"value":"vscode.microsoft-authentication","_lower":"vscode.microsoft-authentication"},"activationEvent":"onAuthenticationRequest:microsoft"}
[2021-08-10 13:22:17.858] [exthost] [info] ExtensionService#loadCommonJSModule file:///opt/visual-studio-code/resources/app/extensions/microsoft-authentication/dist/extension.js
[2021-08-10 13:22:17.904] [exthost] [info] ExtensionService#_doActivateExtension vscode.debug-auto-launch {"startup":true,"extensionId":{"value":"vscode.debug-auto-launch","_lower":"vscode.debug-auto-launch"},"activationEvent":"*"}
[2021-08-10 13:22:17.904] [exthost] [info] ExtensionService#loadCommonJSModule file:///opt/visual-studio-code/resources/app/extensions/debug-auto-launch/dist/extension
[2021-08-10 13:22:17.938] [exthost] [info] ExtensionService#_doActivateExtension vscode.emmet {"startup":true,"extensionId":{"value":"vscode.emmet","_lower":"vscode.emmet"},"activationEvent":"*"}
[2021-08-10 13:22:17.938] [exthost] [info] ExtensionService#loadCommonJSModule file:///opt/visual-studio-code/resources/app/extensions/emmet/dist/node/emmetNodeMain
[2021-08-10 13:22:18.057] [exthost] [info] ExtensionService#_doActivateExtension vscode.git {"startup":true,"extensionId":{"value":"vscode.github","_lower":"vscode.github"},"activationEvent":"*"}
[2021-08-10 13:22:18.058] [exthost] [info] ExtensionService#loadCommonJSModule file:///opt/visual-studio-code/resources/app/extensions/git/dist/main
[2021-08-10 13:22:18.257] [exthost] [info] ExtensionService#_doActivateExtension vscode.merge-conflict {"startup":true,"extensionId":{"value":"vscode.merge-conflict","_lower":"vscode.merge-conflict"},"activationEvent":"*"}
[2021-08-10 13:22:18.258] [exthost] [info] ExtensionService#loadCommonJSModule file:///opt/visual-studio-code/resources/app/extensions/merge-conflict/dist/mergeConflictMain
[2021-08-10 13:22:18.337] [exthost] [info] ExtensionService#_doActivateExtension vscode.search-result {"startup":true,"extensionId":{"value":"vscode.search-result","_lower":"vscode.search-result"},"activationEvent":"*"}
[2021-08-10 13:22:18.337] [exthost] [info] ExtensionService#loadCommonJSModule file:///opt/visual-studio-code/resources/app/extensions/search-result/dist/extension.js
[2021-08-10 13:22:18.384] [exthost] [info] ExtensionService#_doActivateExtension Equinusocio.vsc-material-theme {"startup":true,"extensionId":{"value":"Equinusocio.vsc-material-theme","_lower":"equinusocio.vsc-material-theme"},"activationEvent":"*"}
[2021-08-10 13:22:18.384] [exthost] [info] ExtensionService#loadCommonJSModule file:///home/ape/.vscode/extensions/equinusocio.vsc-material-theme-33.1.2/build/material.theme.config
[2021-08-10 13:22:18.696] [exthost] [info] ExtensionService#_doActivateExtension formulahendry.terminal {"startup":true,"extensionId":{"value":"formulahendry.terminal","_lower":"formulahendry.terminal"},"activationEvent":"*"}
[2021-08-10 13:22:18.697] [exthost] [info] ExtensionService#loadCommonJSModule file:///home/ape/.vscode/extensions/formulahendry.terminal-0.0.10/out/src/extension
[2021-08-10 13:22:19.056] [exthost] [info] ExtensionService#_doActivateExtension oderwat.indent-rainbow {"startup":true,"extensionId":{"value":"oderwat.indent-rainbow","_lower":"oderwat.indent-rainbow"},"activationEvent":"*"}
[2021-08-10 13:22:19.056] [exthost] [info] ExtensionService#loadCommonJSModule file:///home/ape/.vscode/extensions/oderwat.indent-rainbow-7.4.0/out/extension
[2021-08-10 13:22:19.075] [exthost] [info] ExtensionService#_doActivateExtension PKief.material-icon-theme {"startup":true,"extensionId":{"value":"PKief.material-icon-theme","_lower":"pkief.material-icon-theme"},"activationEvent":"*"}
[2021-08-10 13:22:19.075] [exthost] [info] ExtensionService#loadCommonJSModule file:///home/ape/.vscode/extensions/pkief.material-icon-theme-4.7.0/dist/extension
[2021-08-10 13:22:19.136] [exthost] [info] ExtensionService#_doActivateExtension PrimaFuture.open-php-html-js-in-browser {"startup":true,"extensionId":{"value":"PrimaFuture.open-php-html-js-in-browser","_lower":"primafuture.open-php-html-js-in-browser"},"activationEvent":"*"}
[2021-08-10 13:22:19.136] [exthost] [info] ExtensionService#loadCommonJSModule file:///home/ape/.vscode/extensions/primafuture.open-php-html-js-in-browser-2.0.1/out/extension
[2021-08-10 13:22:19.329] [exthost] [info] ExtensionService#_doActivateExtension ritwickdey.LiveServer {"startup":true,"extensionId":{"value":"ritwickdey.LiveServer","_lower":"ritwickdey.liveserver"},"activationEvent":"*"}
[2021-08-10 13:22:19.330] [exthost] [info] ExtensionService#loadCommonJSModule file:///home/ape/.vscode/extensions/ritwickdey.liveserver-5.6.1/out/src/extension
[2021-08-10 13:22:22.099] [exthost] [info] ExtensionService#_doActivateExtension RobbOwen.synthwave-vscode {"startup":true,"extensionId":{"value":"RobbOwen.synthwave-vscode","_lower":"robbowen.synthwave-vscode"},"activationEvent":"*"}
[2021-08-10 13:22:22.099] [exthost] [info] ExtensionService#loadCommonJSModule file:///home/ape/.vscode/extensions/robbowen.synthwave-vscode-0.1.8/src/extension.js
[2021-08-10 13:22:22.198] [exthost] [info] ExtensionService#_doActivateExtension vscode.npm {"startup":true,"extensionId":{"value":"vscode.npm","_lower":"vscode.npm"},"activationEvent":"workspaceContains:package.json"}
[2021-08-10 13:22:22.198] [exthost] [info] ExtensionService#loadCommonJSModule file:///opt/visual-studio-code/resources/app/extensions/npm/dist/npmMain
[2021-08-10 13:22:22.987] [exthost] [info] ExtensionService#_doActivateExtension ms-vscode.js-debug {"startup":false,"extensionId":{"value":"ms-vscode.js-debug","_lower":"ms-vscode.js-debug"},"activationEvent":"onCommand:extension.js-debug.clearAutoAttachVariables"}
[2021-08-10 13:22:22.987] [exthost] [info] ExtensionService#loadCommonJSModule file:///opt/visual-studio-code/resources/app/extensions/ms-vscode.js-debug/src/extension.js
[2021-08-10 13:22:23.433] [exthost] [info] ExtensionService#_doActivateExtension vscode.github {"startup":false,"extensionId":{"value":"vscode.github","_lower":"vscode.github"},"activationEvent":"*"}
[2021-08-10 13:22:23.433] [exthost] [info] ExtensionService#loadCommonJSModule file:///opt/visual-studio-code/resources/app/extensions/github/dist/extension.js
[2021-08-10 13:22:23.579] [exthost] [info] eager extensions activated
[2021-08-10 13:22:23.581] [exthost] [info] ExtensionService#_doActivateExtension formulahendry.code-runner {"startup":false,"extensionId":{"value":"formulahendry.code-runner","_lower":"formulahendry.code-runner"},"activationEvent":"onStartupFinished"}
[2021-08-10 13:22:23.581] [exthost] [info] ExtensionService#loadCommonJSModule file:///home/ape/.vscode/extensions/formulahendry.code-runner-0.11.2/out/src/extension
[2021-08-10 13:22:24.214] [exthost] [info] ExtensionService#_doActivateExtension ms-vscode-remote.remote-containers {"startup":false,"extensionId":{"value":"ms-vscode-remote.remote-containers","_lower":"ms-vscode-remote.remote-containers"},"activationEvent":"onStartupFinished"}
[2021-08-10 13:22:24.214] [exthost] [info] ExtensionService#loadCommonJSModule file:///home/ape/.vscode/extensions/ms-vscode-remote.remote-containers-0.148.1/dist/extension
[2021-08-10 13:22:24.306] [exthost] [info] ExtensionService#_doActivateExtension vscode.github-authentication {"startup":false,"extensionId":{"value":"vscode.github-authentication","_lower":"vscode.github-authentication"},"activationEvent":"onAuthenticationRequest:github"}
[2021-08-10 13:22:24.306] [exthost] [info] ExtensionService#loadCommonJSModule file:///opt/visual-studio-code/resources/app/extensions/github-authentication/dist/extension.js
[2021-08-10 13:28:29.508] [exthost] [info] ExtensionService#_doActivateExtension alexcvzz.vscode-sqlite {"startup":false,"extensionId":{"value":"alexcvzz.vscode-sqlite","_lower":"alexcvzz.vscode-sqlite"},"activationEvent":"onLanguage:sqlite"}
[2021-08-10 13:28:29.508] [exthost] [info] ExtensionService#loadCommonJSModule file:///home/ape/.vscode/extensions/alexcvzz.vscode-sqlite-0.13.0/dist/extension
[2021-08-10 13:29:23.934] [exthost] [info] ExtensionService#_doActivateExtension vscode.extension-editing {"startup":false,"extensionId":{"value":"vscode.extension-editing","_lower":"vscode.extension-editing"},"activationEvent":"onLanguage:typescript"}
[2021-08-10 13:29:23.935] [exthost] [info] ExtensionService#loadCommonJSModule file:///opt/visual-studio-code/resources/app/extensions/extension-editing/dist/extensionEditingMain
[2021-08-10 13:29:24.066] [exthost] [info] ExtensionService#_doActivateExtension vscode.typescript-language-features {"startup":false,"extensionId":{"value":"vscode.typescript-language-features","_lower":"vscode.typescript-language-features"},"activationEvent":"onLanguage:typescript"}
[2021-08-10 13:29:24.066] [exthost] [info] ExtensionService#loadCommonJSModule file:///opt/visual-studio-code/resources/app/extensions/typescript-language-features/dist/extension
[2021-08-10 13:29:24.123] [exthost] [info] ExtensionService#_doActivateExtension VisualStudioExptTeam.vscodeintellicode {"startup":false,"extensionId":{"value":"VisualStudioExptTeam.vscodeintellicode","_lower":"visualstudioexptteam.vscodeintellicode"},"activationEvent":"onLanguage:typescript"}
[2021-08-10 13:29:24.123] [exthost] [info] ExtensionService#loadCommonJSModule file:///home/ape/.vscode/extensions/visualstudioexptteam.vscodeintellicode-1.2.14/dist/intellicode
[2021-08-10 13:29:30.822] [exthost] [info] ExtensionService#_doActivateExtension vscode.configuration-editing {"startup":false,"extensionId":{"value":"vscode.configuration-editing","_lower":"vscode.configuration-editing"},"activationEvent":"onLanguage:jsonc"}
[2021-08-10 13:29:30.823] [exthost] [info] ExtensionService#loadCommonJSModule file:///opt/visual-studio-code/resources/app/extensions/configuration-editing/dist/configurationEditingMain
[2021-08-10 13:29:30.949] [exthost] [info] ExtensionService#_doActivateExtension vscode.json-language-features {"startup":false,"extensionId":{"value":"vscode.json-language-features","_lower":"vscode.json-language-features"},"activationEvent":"onLanguage:jsonc"}
[2021-08-10 13:29:30.949] [exthost] [info] ExtensionService#loadCommonJSModule file:///opt/visual-studio-code/resources/app/extensions/json-language-features/client/dist/node/jsonClientMain
[2021-08-10 13:38:21.125] [exthost] [info] ExtensionService#_doActivateExtension vscode.grunt {"startup":false,"extensionId":{"value":"vscode.grunt","_lower":"vscode.grunt"},"activationEvent":"onCommand:workbench.action.tasks.runTask"}
[2021-08-10 13:38:21.125] [exthost] [info] ExtensionService#loadCommonJSModule file:///opt/visual-studio-code/resources/app/extensions/grunt/dist/main
[2021-08-10 13:38:21.182] [exthost] [info] ExtensionService#_doActivateExtension vscode.gulp {"startup":false,"extensionId":{"value":"vscode.gulp","_lower":"vscode.gulp"},"activationEvent":"onCommand:workbench.action.tasks.runTask"}
[2021-08-10 13:38:21.182] [exthost] [info] ExtensionService#loadCommonJSModule file:///opt/visual-studio-code/resources/app/extensions/gulp/dist/main
[2021-08-10 13:38:21.203] [exthost] [info] ExtensionService#_doActivateExtension vscode.jake {"startup":false,"extensionId":{"value":"vscode.jake","_lower":"vscode.jake"},"activationEvent":"onCommand:workbench.action.tasks.runTask"}
[2021-08-10 13:38:21.203] [exthost] [info] ExtensionService#loadCommonJSModule file:///opt/visual-studio-code/resources/app/extensions/jake/dist/main
[2021-08-10 13:38:21.244] [exthost] [info] ExtensionService#_doActivateExtension ms-azuretools.vscode-docker {"startup":false,"extensionId":{"value":"ms-azuretools.vscode-docker","_lower":"ms-azuretools.vscode-docker"},"activationEvent":"onCommand:workbench.action.tasks.runTask"}
[2021-08-10 13:38:21.244] [exthost] [info] ExtensionService#loadCommonJSModule file:///home/ape/.vscode/extensions/ms-azuretools.vscode-docker-1.9.0/main
[2021-08-10 13:48:54.374] [exthost] [info] ExtensionService#_doActivateExtension vscode.debug-server-ready {"startup":false,"extensionId":{"value":"vscode.debug-server-ready","_lower":"vscode.debug-server-ready"},"activationEvent":"onDebugResolve"}
[2021-08-10 13:48:54.375] [exthost] [info] ExtensionService#loadCommonJSModule file:///opt/visual-studio-code/resources/app/extensions/debug-server-ready/dist/extension
[2021-08-10 15:03:58.211] [exthost] [info] ExtensionService#_doActivateExtension CoenraadS.bracket-pair-colorizer-2 {"startup":false,"extensionId":{"value":"CoenraadS.bracket-pair-colorizer-2","_lower":"coenraads.bracket-pair-colorizer-2"},"activationEvent":"onStartupFinished"}
[2021-08-10 15:03:58.212] [exthost] [info] ExtensionService#loadCommonJSModule file:///home/ape/.vscode/extensions/coenraads.bracket-pair-colorizer-2-0.2.1/out/src/extension
