[38592][1601864965129][main][info]["Booting Postman 7.33.1, linux-5.8.11-arch1-1 on x64"]
[38592][1601864965131][main][info]["EventBus~initialize - Success"]
[38592][1601864965133][main][warn]["CloudProxyManager~init: Error while reading proxy configuration from user data - ",{"errno":-2,"code":"ENOENT","syscall":"open","path":"/home/ape/.config/Postman/Postman_Config/proxy","name":"Error","message":"ENOENT: no such file or directory, open '/home/ape/.config/Postman/Postman_Config/proxy'","stack":"Error: ENOENT: no such file or directory, open '/home/ape/.config/Postman/Postman_Config/proxy'"}]
[38592][1601864965134][main][info]["CloudProxyManager~init - Success"]
[38592][1601864965140][main][info]["UpdateHandler~init - Success"]
[38592][1601864966950][main][info]["RuntimeIPCAgent~started: Success"]
[38592][1601864967947][main][info]["LinuxAutoUpdater~Cleanup - Initial cleanup successful"]
[38592][1601864967970][main][warn]["main~populateInstallationId: Failed to get installationId from appSettings but with no error"]
[38592][1601864968745][main][info]["Bootstrap-models~bootstrap - Success"]
[38592][1601864970702][main][info]["window-manager~newSharedWindow: Shell loaded"]
[38592][1601864978783][main][info]["Main~AppEvents - Received booted event for process shared"]
[38592][1601864982711][main][info]["UpdateHandler~app-update-events - Received event",{"name":"checkForElectronVersionUpdated","namespace":"appUpdate"}]
[38592][1601864982736][main][info]["Main~AppEvents - Received booted event for process requester"]
[38592][1601865113936][main][info]["WindowManager~closeHandler - Closed Window (id: 4 )"]
[38592][1601865113961][main][info]["Quitting app"]
[16956][1602987196302][main][info]["Booting Postman 7.34.0, linux-5.8.14-arch1-1 on x64"]
[16956][1602987196306][main][info]["EventBus~initialize - Success"]
[16956][1602987196324][main][warn]["CloudProxyManager~init: Error while reading proxy configuration from user data - ",{"errno":-2,"code":"ENOENT","syscall":"open","path":"/home/ape/.config/Postman/Postman_Config/proxy","name":"Error","message":"ENOENT: no such file or directory, open '/home/ape/.config/Postman/Postman_Config/proxy'","stack":"Error: ENOENT: no such file or directory, open '/home/ape/.config/Postman/Postman_Config/proxy'"}]
[16956][1602987196325][main][info]["CloudProxyManager~init - Success"]
[16956][1602987196330][main][info]["UpdateHandler~init - Success"]
[16956][1602987198104][main][info]["RuntimeIPCAgent~started: Success"]
[16956][1602987199294][main][info]["LinuxAutoUpdater~Cleanup - Initial cleanup successful"]
[16956][1602987199905][main][info]["Bootstrap-models~bootstrap - Success"]
[16956][1602987202409][main][info]["window-manager~newSharedWindow: Shell loaded"]
[16956][1602987207978][main][info]["Main~AppEvents - Received booted event for process shared"]
[16956][1602987211455][main][info]["UpdateHandler~app-update-events - Received event",{"name":"checkForElectronVersionUpdated","namespace":"appUpdate"}]
[16956][1602987211461][main][info]["@postman/app-updater: version Updated","7.33.1","7.34.0"]
[16956][1602987211462][main][info]["UpdateHandler~app-update-events - Received event",{"name":"electronVersionUpdated","namespace":"appUpdate","data":{"lastKnownVersion":"7.33.1","currentVersion":"7.34.0"}}]
[16956][1602987211514][main][info]["Main~AppEvents - Received booted event for process requester"]
[16956][1603007503921][main][info]["WindowManager~closeHandler - Closed Window (id: 3 )"]
[16956][1603007504773][main][info]["Quitting app"]
[24793][1603066257467][main][info]["Booting Postman 7.34.0, linux-5.8.14-arch1-1 on x64"]
[24793][1603066257471][main][info]["EventBus~initialize - Success"]
[24793][1603066257513][main][warn]["CloudProxyManager~init: Error while reading proxy configuration from user data - ",{"errno":-2,"code":"ENOENT","syscall":"open","path":"/home/ape/.config/Postman/Postman_Config/proxy","name":"Error","message":"ENOENT: no such file or directory, open '/home/ape/.config/Postman/Postman_Config/proxy'","stack":"Error: ENOENT: no such file or directory, open '/home/ape/.config/Postman/Postman_Config/proxy'"}]
[24793][1603066257514][main][info]["CloudProxyManager~init - Success"]
[24793][1603066257519][main][info]["UpdateHandler~init - Success"]
[24793][1603066259093][main][info]["RuntimeIPCAgent~started: Success"]
[24793][1603066260526][main][info]["LinuxAutoUpdater~Cleanup - Initial cleanup successful"]
[24793][1603066261255][main][info]["Bootstrap-models~bootstrap - Success"]
[24793][1603066263444][main][info]["window-manager~newSharedWindow: Shell loaded"]
[24793][1603066269196][main][info]["Main~AppEvents - Received booted event for process shared"]
[24793][1603066273224][main][info]["UpdateHandler~app-update-events - Received event",{"name":"checkForElectronVersionUpdated","namespace":"appUpdate"}]
[24793][1603066273274][main][info]["Main~AppEvents - Received booted event for process requester"]
[24793][1603074700335][main][info]["WindowManager~closeHandler - Closed Window (id: 3 )"]
[24793][1603074700437][main][info]["Quitting app"]
[24678][1603683499293][main][info]["Booting Postman 7.34.0, linux-5.9.1-arch1-1 on x64"]
[24678][1603683499302][main][info]["EventBus~initialize - Success"]
[24678][1603683499327][main][warn]["CloudProxyManager~init: Error while reading proxy configuration from user data - ",{"errno":-2,"code":"ENOENT","syscall":"open","path":"/home/ape/.config/Postman/Postman_Config/proxy","name":"Error","message":"ENOENT: no such file or directory, open '/home/ape/.config/Postman/Postman_Config/proxy'","stack":"Error: ENOENT: no such file or directory, open '/home/ape/.config/Postman/Postman_Config/proxy'"}]
[24678][1603683499328][main][info]["CloudProxyManager~init - Success"]
[24678][1603683499335][main][info]["UpdateHandler~init - Success"]
[24678][1603683501308][main][info]["RuntimeIPCAgent~started: Success"]
[24678][1603683502885][main][info]["LinuxAutoUpdater~Cleanup - Initial cleanup successful"]
[24678][1603683503418][main][info]["Bootstrap-models~bootstrap - Success"]
[24678][1603683505400][main][info]["window-manager~newSharedWindow: Shell loaded"]
[24678][1603683510718][main][info]["Main~AppEvents - Received booted event for process shared"]
[24678][1603683514442][main][info]["UpdateHandler~app-update-events - Received event",{"name":"checkForElectronVersionUpdated","namespace":"appUpdate"}]
[24678][1603683514461][main][info]["Main~AppEvents - Received booted event for process requester"]
[24678][1603684114398][main][info]["WindowManager~closeHandler - Closed Window (id: 3 )"]
[24678][1603684114497][main][info]["Quitting app"]
[26095][1603684404906][main][info]["Booting Postman 7.34.0, linux-5.9.1-arch1-1 on x64"]
[26095][1603684404910][main][info]["EventBus~initialize - Success"]
[26095][1603684404912][main][warn]["CloudProxyManager~init: Error while reading proxy configuration from user data - ",{"errno":-2,"code":"ENOENT","syscall":"open","path":"/home/ape/.config/Postman/Postman_Config/proxy","name":"Error","message":"ENOENT: no such file or directory, open '/home/ape/.config/Postman/Postman_Config/proxy'","stack":"Error: ENOENT: no such file or directory, open '/home/ape/.config/Postman/Postman_Config/proxy'"}]
[26095][1603684404915][main][info]["CloudProxyManager~init - Success"]
[26095][1603684404923][main][info]["UpdateHandler~init - Success"]
[26095][1603684405269][main][info]["RuntimeIPCAgent~started: Success"]
[26095][1603684405410][main][info]["LinuxAutoUpdater~Cleanup - Initial cleanup successful"]
[26095][1603684405665][main][info]["Bootstrap-models~bootstrap - Success"]
[26095][1603684405834][main][info]["window-manager~newSharedWindow: Shell loaded"]
[26095][1603684409775][main][info]["Main~AppEvents - Received booted event for process shared"]
[26095][1603684413070][main][info]["UpdateHandler~app-update-events - Received event",{"name":"checkForElectronVersionUpdated","namespace":"appUpdate"}]
[26095][1603684413092][main][info]["Main~AppEvents - Received booted event for process requester"]
[26095][1603686886765][main][info]["WindowManager~closeHandler - Closed Window (id: 3 )"]
[26095][1603686886803][main][info]["Quitting app"]
[53764][1603751585808][main][info]["Booting Postman 7.34.0, linux-5.9.1-arch1-1 on x64"]
[53764][1603751585811][main][info]["EventBus~initialize - Success"]
[53764][1603751585843][main][warn]["CloudProxyManager~init: Error while reading proxy configuration from user data - ",{"errno":-2,"code":"ENOENT","syscall":"open","path":"/home/ape/.config/Postman/Postman_Config/proxy","name":"Error","message":"ENOENT: no such file or directory, open '/home/ape/.config/Postman/Postman_Config/proxy'","stack":"Error: ENOENT: no such file or directory, open '/home/ape/.config/Postman/Postman_Config/proxy'"}]
[53764][1603751585848][main][info]["CloudProxyManager~init - Success"]
[53764][1603751585869][main][info]["UpdateHandler~init - Success"]
[53764][1603751587544][main][info]["RuntimeIPCAgent~started: Success"]
[53764][1603751588594][main][info]["LinuxAutoUpdater~Cleanup - Initial cleanup successful"]
[53764][1603751589960][main][info]["Bootstrap-models~bootstrap - Success"]
[53764][1603751591550][main][info]["window-manager~newSharedWindow: Shell loaded"]
[53764][1603751597401][main][info]["Main~AppEvents - Received booted event for process shared"]
[53764][1603751600803][main][info]["UpdateHandler~app-update-events - Received event",{"name":"checkForElectronVersionUpdated","namespace":"appUpdate"}]
[53764][1603751600824][main][info]["Main~AppEvents - Received booted event for process requester"]
[53764][1603770249252][main][info]["WindowManager~closeHandler - Closed Window (id: 3 )"]
[53764][1603770249304][main][info]["Quitting app"]
[17562][1604002020302][main][info]["Booting Postman 7.34.0, linux-5.9.1-arch1-1 on x64"]
[17562][1604002020310][main][info]["EventBus~initialize - Success"]
[17562][1604002020455][main][warn]["CloudProxyManager~init: Error while reading proxy configuration from user data - ",{"errno":-2,"code":"ENOENT","syscall":"open","path":"/home/ape/.config/Postman/Postman_Config/proxy","name":"Error","message":"ENOENT: no such file or directory, open '/home/ape/.config/Postman/Postman_Config/proxy'","stack":"Error: ENOENT: no such file or directory, open '/home/ape/.config/Postman/Postman_Config/proxy'"}]
[17562][1604002020458][main][info]["CloudProxyManager~init - Success"]
[17562][1604002020476][main][info]["UpdateHandler~init - Success"]
[17562][1604002022734][main][info]["RuntimeIPCAgent~started: Success"]
[17562][1604002024343][main][info]["LinuxAutoUpdater~Cleanup - Initial cleanup successful"]
[17562][1604002025057][main][info]["Bootstrap-models~bootstrap - Success"]
[17562][1604002027737][main][info]["window-manager~newSharedWindow: Shell loaded"]
[17562][1604002033889][main][info]["Main~AppEvents - Received booted event for process shared"]
[17562][1604002038439][main][info]["UpdateHandler~app-update-events - Received event",{"name":"checkForElectronVersionUpdated","namespace":"appUpdate"}]
[17562][1604002038522][main][info]["Main~AppEvents - Received booted event for process requester"]
[17562][1604003601857][main][info]["WindowManager~closeHandler - Closed Window (id: 3 )"]
[17562][1604003603069][main][info]["Quitting app"]
