[38592][1601864970627][shell][info]["EventBus~initialize - Success"]
[38592][1601864970655][shell][info]["bootShellCrashReporter~ Success"]
[38592][1601864970658][shell][info]["shellController~init: Success"]
[38592][1601864970658][shell][info]["shellMeta~init: Success"]
[38592][1601864970719][shell][info]["init~setViewAttributes - Initializing view with opts:",{"devtools":false,"id":2,"startTime":1601864967669,"type":"shared","partitionId":"default"}]
[38592][1601864970723][shell][info]["init~setViewAttributes - Success"]
[38592][1601864979186][shell][info]["EventBus~initialize - Success"]
[38592][1601864979202][shell][info]["bootShellCrashReporter~ Success"]
[38592][1601864979204][shell][info]["shellController~init: Success"]
[38592][1601864979205][shell][info]["shellMeta~init: Success"]
[38592][1601864979229][shell][info]["init~setViewAttributes - Initializing view with opts:",{"allIds":[4],"devtools":false,"id":4,"primaryId":4,"startTime":1601864978826,"type":"requester","partitionId":"default"}]
[38592][1601864979231][shell][info]["init~setViewAttributes - Success"]
[16956][1602987202307][shell][info]["EventBus~initialize - Success"]
[16956][1602987202360][shell][info]["bootShellCrashReporter~ Success"]
[16956][1602987202367][shell][info]["shellController~init: Success"]
[16956][1602987202367][shell][info]["shellMeta~init: Success"]
[16956][1602987202418][shell][info]["init~setViewAttributes - Initializing view with opts:",{"devtools":false,"id":2,"startTime":1602987198919,"type":"shared","partitionId":"default"}]
[16956][1602987202420][shell][info]["init~setViewAttributes - Success"]
[16956][1602987208707][shell][info]["EventBus~initialize - Success"]
[16956][1602987208721][shell][info]["bootShellCrashReporter~ Success"]
[16956][1602987208724][shell][info]["shellController~init: Success"]
[16956][1602987208725][shell][info]["shellMeta~init: Success"]
[16956][1602987208763][shell][info]["init~setViewAttributes - Initializing view with opts:",{"allIds":[3],"devtools":false,"id":3,"primaryId":3,"startTime":1602987208109,"type":"requester","partitionId":"default"}]
[16956][1602987208765][shell][info]["init~setViewAttributes - Success"]
[24793][1603066263262][shell][info]["EventBus~initialize - Success"]
[24793][1603066263379][shell][info]["bootShellCrashReporter~ Success"]
[24793][1603066263385][shell][info]["shellController~init: Success"]
[24793][1603066263387][shell][info]["shellMeta~init: Success"]
[24793][1603066263463][shell][info]["init~setViewAttributes - Initializing view with opts:",{"devtools":false,"id":2,"startTime":1603066260283,"type":"shared","partitionId":"default"}]
[24793][1603066263468][shell][info]["init~setViewAttributes - Success"]
[24793][1603066270701][shell][info]["EventBus~initialize - Success"]
[24793][1603066270715][shell][info]["bootShellCrashReporter~ Success"]
[24793][1603066270716][shell][info]["shellController~init: Success"]
[24793][1603066270717][shell][info]["shellMeta~init: Success"]
[24793][1603066270732][shell][info]["init~setViewAttributes - Initializing view with opts:",{"allIds":[3],"devtools":false,"id":3,"primaryId":3,"startTime":1603066269329,"type":"requester","partitionId":"default"}]
[24793][1603066270734][shell][info]["init~setViewAttributes - Success"]
[24678][1603683505277][shell][info]["EventBus~initialize - Success"]
[24678][1603683505352][shell][info]["bootShellCrashReporter~ Success"]
[24678][1603683505357][shell][info]["shellController~init: Success"]
[24678][1603683505358][shell][info]["shellMeta~init: Success"]
[24678][1603683505407][shell][info]["init~setViewAttributes - Initializing view with opts:",{"devtools":false,"id":2,"startTime":1603683502177,"type":"shared","partitionId":"default"}]
[24678][1603683505409][shell][info]["init~setViewAttributes - Success"]
[24678][1603683511174][shell][info]["EventBus~initialize - Success"]
[24678][1603683511184][shell][info]["bootShellCrashReporter~ Success"]
[24678][1603683511186][shell][info]["shellController~init: Success"]
[24678][1603683511187][shell][info]["shellMeta~init: Success"]
[24678][1603683511204][shell][info]["init~setViewAttributes - Initializing view with opts:",{"allIds":[3],"devtools":false,"id":3,"primaryId":3,"startTime":1603683510797,"type":"requester","partitionId":"default"}]
[24678][1603683511206][shell][info]["init~setViewAttributes - Success"]
[26095][1603684405811][shell][info]["EventBus~initialize - Success"]
[26095][1603684405820][shell][info]["bootShellCrashReporter~ Success"]
[26095][1603684405824][shell][info]["shellController~init: Success"]
[26095][1603684405825][shell][info]["shellMeta~init: Success"]
[26095][1603684405842][shell][info]["init~setViewAttributes - Initializing view with opts:",{"devtools":false,"id":2,"startTime":1603684405361,"type":"shared","partitionId":"default"}]
[26095][1603684405843][shell][info]["init~setViewAttributes - Success"]
[26095][1603684410262][shell][info]["EventBus~initialize - Success"]
[26095][1603684410273][shell][info]["bootShellCrashReporter~ Success"]
[26095][1603684410275][shell][info]["shellController~init: Success"]
[26095][1603684410275][shell][info]["shellMeta~init: Success"]
[26095][1603684410296][shell][info]["init~setViewAttributes - Initializing view with opts:",{"allIds":[3],"devtools":false,"id":3,"primaryId":3,"startTime":1603684409862,"type":"requester","partitionId":"default"}]
[26095][1603684410298][shell][info]["init~setViewAttributes - Success"]
[53764][1603751591484][shell][info]["EventBus~initialize - Success"]
[53764][1603751591513][shell][info]["bootShellCrashReporter~ Success"]
[53764][1603751591515][shell][info]["shellController~init: Success"]
[53764][1603751591516][shell][info]["shellMeta~init: Success"]
[53764][1603751591560][shell][info]["init~setViewAttributes - Initializing view with opts:",{"devtools":false,"id":2,"startTime":1603751588316,"type":"shared","partitionId":"default"}]
[53764][1603751591563][shell][info]["init~setViewAttributes - Success"]
[53764][1603751597957][shell][info]["EventBus~initialize - Success"]
[53764][1603751597970][shell][info]["bootShellCrashReporter~ Success"]
[53764][1603751597975][shell][info]["shellController~init: Success"]
[53764][1603751597976][shell][info]["shellMeta~init: Success"]
[53764][1603751597999][shell][info]["init~setViewAttributes - Initializing view with opts:",{"allIds":[3],"devtools":false,"id":3,"primaryId":3,"startTime":1603751597516,"type":"requester","partitionId":"default"}]
[53764][1603751598001][shell][info]["init~setViewAttributes - Success"]
[17562][1604002027576][shell][info]["EventBus~initialize - Success"]
[17562][1604002027664][shell][info]["bootShellCrashReporter~ Success"]
[17562][1604002027672][shell][info]["shellController~init: Success"]
[17562][1604002027673][shell][info]["shellMeta~init: Success"]
[17562][1604002027757][shell][info]["init~setViewAttributes - Initializing view with opts:",{"devtools":false,"id":2,"startTime":1604002023593,"type":"shared","partitionId":"default"}]
[17562][1604002027762][shell][info]["init~setViewAttributes - Success"]
[17562][1604002035093][shell][info]["EventBus~initialize - Success"]
[17562][1604002035108][shell][info]["bootShellCrashReporter~ Success"]
[17562][1604002035111][shell][info]["shellController~init: Success"]
[17562][1604002035112][shell][info]["shellMeta~init: Success"]
[17562][1604002035145][shell][info]["init~setViewAttributes - Initializing view with opts:",{"allIds":[3],"devtools":false,"id":3,"primaryId":3,"startTime":1604002034044,"type":"requester","partitionId":"default"}]
[17562][1604002035150][shell][info]["init~setViewAttributes - Success"]
