[38592][1601864982379][requester][info]["EventBus~initialize - Success"]
[38592][1601864982381][requester][info]["Messaging~boot - Success"]
[38592][1601864982392][requester][info]["bootCrashReporter~ Success"]
[38592][1601864982393][requester][info]["Telemetry~boot - Success"]
[38592][1601864982394][requester][info]["bootConfigurations~initialize - Success"]
[38592][1601864982396][requester][info]["Settings~boot - Success"]
[38592][1601864982475][requester][info]["bootstrapModels - Success"]
[38592][1601864982475][requester][info]["WLModels~boot - Success"]
[38592][1601864982627][requester][info]["Session~boot - Success"]
[38592][1601864982629][requester][info]["IndependentServices~boot - Success"]
[38592][1601864982647][requester][info]["AppModels~boot - Success"]
[38592][1601864982654][requester][info]["DBWatcher~boot - Success"]
[38592][1601864982656][requester][info]["ThemeManager~boot - Success"]
[38592][1601864982657][requester][info]["Store~boot - Success"]
[38592][1601864982659][requester][info]["Shortcuts~boot - Success"]
[38592][1601864982660][requester][info]["SyncProxy~boot - Success"]
[38592][1601864982703][requester][info]["NewConsole~boot - Success"]
[38592][1601864982708][requester][info]["APIDevInterface~boot - Success"]
[38592][1601864982724][requester][info]["Requester~boot - Success"]
[38592][1601864982725][requester][info]["booted - requester"]
[38592][1601864982769][requester][warn]["CloudProxyHandler: Error while reading proxy configuration from user data - ",{"errno":-2,"code":"ENOENT","syscall":"open","path":"/home/ape/.config/Postman/Postman_Config/proxy","name":"Error","message":"ENOENT: no such file or directory, open '/home/ape/.config/Postman/Postman_Config/proxy'","stack":"Error: ENOENT: no such file or directory, open '/home/ape/.config/Postman/Postman_Config/proxy'"}]
[38592][1601864985055][requester][info]["SessionValidation - Registering listener"]
[38592][1601864985090][requester][warn]["FeatureFlagsStore~updateFlags: Could not find feature flags",{"error":{"message":"SyncRequestService\\x7erequestListener: Could not fetch from sync. Socket not connected."}}]
[38592][1601865008790][requester][warn]["Failed to subscribe to workspace for all APIs",{"name":"Error","message":"","stack":"Error\n    at SafeSubscriber._next (file:///opt/postman/app/resources/app/js/vendor-shared.js:448025:24)\n    at SafeSubscriber.push.SafeSubscriber.__tryOrUnsub (file:///opt/postman/app/resources/app/js/vendor-shared.js:413382:16)\n    at SafeSubscriber.push.SafeSubscriber.next (file:///opt/postman/app/resources/app/js/vendor-shared.js:413320:22)\n    at Subscriber.push.Subscriber._next (file:///opt/postman/app/resources/app/js/vendor-shared.js:413263:26)\n    at Subscriber.push.Subscriber.next (file:///opt/postman/app/resources/app/js/vendor-shared.js:413240:18)\n    at FilterSubscriber.push.FilterSubscriber._next (file:///opt/postman/app/resources/app/js/vendor-shared.js:420420:30)\n    at FilterSubscriber.push.Subscriber.next (file:///opt/postman/app/resources/app/js/vendor-shared.js:413240:18)\n    at RefCountSubscriber.push.Subscriber._next (file:///opt/postman/app/resources/app/js/vendor-shared.js:413263:26)\n    at RefCountSubscriber.push.Subscriber.next (file:///opt/postman/app/resources/app/js/vendor-shared.js:413240:18)\n    at Subject.push.Subject.next (file:///opt/postman/app/resources/app/js/vendor-shared.js:414316:25)\n    at ConnectableSubscriber.push.Subscriber._next (file:///opt/postman/app/resources/app/js/vendor-shared.js:413263:26)\n    at ConnectableSubscriber.push.Subscriber.next (file:///opt/postman/app/resources/app/js/vendor-shared.js:413240:18)\n    at EventEmitter.<anonymous> (file:///opt/postman/app/resources/app/js/vendor-shared.js:447973:14)\n    at EventEmitter.emit (file:///opt/postman/app/resources/app/js/vendor-shared.js:27377:5)\n    at _dispatch (file:///opt/postman/app/resources/app/js/vendor-shared.js:45413:14)\n    at EventEmitter.<anonymous> (file:///opt/postman/app/resources/app/js/vendor-shared.js:45423:9)"}]
[38592][1601865008916][requester][warn]["APIDevService~getAPIs: Failed to get APIs.",{"error":{"message":"SyncRequestService\\x7erequestListener: Could not fetch from sync. Socket not connected."}}]
[38592][1601865008920][requester][warn]["Failed to refresh API List",{"error":{"message":"SyncRequestService\\x7erequestListener: Could not fetch from sync. Socket not connected."}}]
[38592][1601865009285][requester][warn]["FeatureFlagsStore~updateFlags: Could not find feature flags",{"error":{"message":"SyncRequestService\\x7erequestListener: Could not fetch from sync. Socket not connected."}}]
[16956][1602987211149][requester][info]["EventBus~initialize - Success"]
[16956][1602987211151][requester][info]["Messaging~boot - Success"]
[16956][1602987211163][requester][info]["bootCrashReporter~ Success"]
[16956][1602987211164][requester][info]["Telemetry~boot - Success"]
[16956][1602987211165][requester][info]["bootConfigurations~initialize - Success"]
[16956][1602987211167][requester][info]["Settings~boot - Success"]
[16956][1602987211233][requester][info]["bootstrapModels - Success"]
[16956][1602987211233][requester][info]["WLModels~boot - Success"]
[16956][1602987211317][requester][info]["Session~boot - Success"]
[16956][1602987211320][requester][info]["IndependentServices~boot - Success"]
[16956][1602987211338][requester][info]["AppModels~boot - Success"]
[16956][1602987211341][requester][info]["DBWatcher~boot - Success"]
[16956][1602987211343][requester][info]["ThemeManager~boot - Success"]
[16956][1602987211344][requester][info]["Store~boot - Success"]
[16956][1602987211346][requester][info]["Shortcuts~boot - Success"]
[16956][1602987211347][requester][info]["SyncProxy~boot - Success"]
[16956][1602987211433][requester][info]["NewConsole~boot - Success"]
[16956][1602987211447][requester][info]["APIDevInterface~boot - Success"]
[16956][1602987211480][requester][info]["Requester~boot - Success"]
[16956][1602987211482][requester][info]["booted - requester"]
[16956][1602987211542][requester][warn]["CloudProxyHandler: Error while reading proxy configuration from user data - ",{"errno":-2,"code":"ENOENT","syscall":"open","path":"/home/ape/.config/Postman/Postman_Config/proxy","name":"Error","message":"ENOENT: no such file or directory, open '/home/ape/.config/Postman/Postman_Config/proxy'","stack":"Error: ENOENT: no such file or directory, open '/home/ape/.config/Postman/Postman_Config/proxy'"}]
[16956][1602987213310][requester][info]["SessionValidation - Registering listener"]
[16956][1602987460901][requester][warn]["CollectionActivityFeedStore~getFeeds: Error occurred while fetching feeds",{"error":{"details":{"model":"collection","model_id":"aba1ca08-5b61-44b0-a08e-8453ca2c2ea7","owner":"12971042"},"message":"We could not find the collection you are looking for","name":"instanceNotFoundError"},"headers":{},"status":404}]
[16956][1602987460952][requester][warn]["CollectionBrowserService~fetchLinkedApiName: Failed to fetch api linked to the collection",{"error":{"details":{"model":"collection","model_id":"aba1ca08-5b61-44b0-a08e-8453ca2c2ea7","owner":"12971042"},"message":"We could not find the collection you are looking for","name":"instanceNotFoundError"},"headers":{},"status":404}]
[24793][1603066272958][requester][info]["EventBus~initialize - Success"]
[24793][1603066272960][requester][info]["Messaging~boot - Success"]
[24793][1603066272968][requester][info]["bootCrashReporter~ Success"]
[24793][1603066272970][requester][info]["Telemetry~boot - Success"]
[24793][1603066272971][requester][info]["bootConfigurations~initialize - Success"]
[24793][1603066272974][requester][info]["Settings~boot - Success"]
[24793][1603066273038][requester][info]["bootstrapModels - Success"]
[24793][1603066273039][requester][info]["WLModels~boot - Success"]
[24793][1603066273125][requester][info]["Session~boot - Success"]
[24793][1603066273129][requester][info]["IndependentServices~boot - Success"]
[24793][1603066273145][requester][info]["AppModels~boot - Success"]
[24793][1603066273148][requester][info]["DBWatcher~boot - Success"]
[24793][1603066273150][requester][info]["ThemeManager~boot - Success"]
[24793][1603066273150][requester][info]["Store~boot - Success"]
[24793][1603066273153][requester][info]["Shortcuts~boot - Success"]
[24793][1603066273154][requester][info]["SyncProxy~boot - Success"]
[24793][1603066273205][requester][info]["NewConsole~boot - Success"]
[24793][1603066273209][requester][info]["APIDevInterface~boot - Success"]
[24793][1603066273244][requester][info]["Requester~boot - Success"]
[24793][1603066273246][requester][info]["booted - requester"]
[24793][1603066273300][requester][warn]["CloudProxyHandler: Error while reading proxy configuration from user data - ",{"errno":-2,"code":"ENOENT","syscall":"open","path":"/home/ape/.config/Postman/Postman_Config/proxy","name":"Error","message":"ENOENT: no such file or directory, open '/home/ape/.config/Postman/Postman_Config/proxy'","stack":"Error: ENOENT: no such file or directory, open '/home/ape/.config/Postman/Postman_Config/proxy'"}]
[24793][1603066275303][requester][info]["SessionValidation - Registering listener"]
[24678][1603683514152][requester][info]["EventBus~initialize - Success"]
[24678][1603683514155][requester][info]["Messaging~boot - Success"]
[24678][1603683514169][requester][info]["bootCrashReporter~ Success"]
[24678][1603683514174][requester][info]["Telemetry~boot - Success"]
[24678][1603683514175][requester][info]["bootConfigurations~initialize - Success"]
[24678][1603683514178][requester][info]["Settings~boot - Success"]
[24678][1603683514248][requester][info]["bootstrapModels - Success"]
[24678][1603683514249][requester][info]["WLModels~boot - Success"]
[24678][1603683514348][requester][info]["Session~boot - Success"]
[24678][1603683514353][requester][info]["IndependentServices~boot - Success"]
[24678][1603683514371][requester][info]["AppModels~boot - Success"]
[24678][1603683514375][requester][info]["DBWatcher~boot - Success"]
[24678][1603683514378][requester][info]["ThemeManager~boot - Success"]
[24678][1603683514379][requester][info]["Store~boot - Success"]
[24678][1603683514381][requester][info]["Shortcuts~boot - Success"]
[24678][1603683514382][requester][info]["SyncProxy~boot - Success"]
[24678][1603683514435][requester][info]["NewConsole~boot - Success"]
[24678][1603683514439][requester][info]["APIDevInterface~boot - Success"]
[24678][1603683514451][requester][info]["Requester~boot - Success"]
[24678][1603683514452][requester][info]["booted - requester"]
[24678][1603683514484][requester][warn]["CloudProxyHandler: Error while reading proxy configuration from user data - ",{"errno":-2,"code":"ENOENT","syscall":"open","path":"/home/ape/.config/Postman/Postman_Config/proxy","name":"Error","message":"ENOENT: no such file or directory, open '/home/ape/.config/Postman/Postman_Config/proxy'","stack":"Error: ENOENT: no such file or directory, open '/home/ape/.config/Postman/Postman_Config/proxy'"}]
[24678][1603683516292][requester][info]["SessionValidation - Registering listener"]
[24678][1603684099156][requester][warn]["APIDevInterface~getAPIForModel: There is no API linked to the model"]
[26095][1603684412825][requester][info]["EventBus~initialize - Success"]
[26095][1603684412827][requester][info]["Messaging~boot - Success"]
[26095][1603684412838][requester][info]["bootCrashReporter~ Success"]
[26095][1603684412839][requester][info]["Telemetry~boot - Success"]
[26095][1603684412839][requester][info]["bootConfigurations~initialize - Success"]
[26095][1603684412842][requester][info]["Settings~boot - Success"]
[26095][1603684412905][requester][info]["bootstrapModels - Success"]
[26095][1603684412906][requester][info]["WLModels~boot - Success"]
[26095][1603684412986][requester][info]["Session~boot - Success"]
[26095][1603684412989][requester][info]["IndependentServices~boot - Success"]
[26095][1603684413009][requester][info]["AppModels~boot - Success"]
[26095][1603684413013][requester][info]["DBWatcher~boot - Success"]
[26095][1603684413017][requester][info]["ThemeManager~boot - Success"]
[26095][1603684413018][requester][info]["Store~boot - Success"]
[26095][1603684413020][requester][info]["Shortcuts~boot - Success"]
[26095][1603684413020][requester][info]["SyncProxy~boot - Success"]
[26095][1603684413064][requester][info]["NewConsole~boot - Success"]
[26095][1603684413067][requester][info]["APIDevInterface~boot - Success"]
[26095][1603684413081][requester][info]["Requester~boot - Success"]
[26095][1603684413082][requester][info]["booted - requester"]
[26095][1603684413117][requester][warn]["CloudProxyHandler: Error while reading proxy configuration from user data - ",{"errno":-2,"code":"ENOENT","syscall":"open","path":"/home/ape/.config/Postman/Postman_Config/proxy","name":"Error","message":"ENOENT: no such file or directory, open '/home/ape/.config/Postman/Postman_Config/proxy'","stack":"Error: ENOENT: no such file or directory, open '/home/ape/.config/Postman/Postman_Config/proxy'"}]
[26095][1603684415049][requester][info]["SessionValidation - Registering listener"]
[26095][1603684430001][requester][warn]["APIDevInterface~getAPIForModel: There is no API linked to the model"]
[53764][1603751600519][requester][info]["EventBus~initialize - Success"]
[53764][1603751600522][requester][info]["Messaging~boot - Success"]
[53764][1603751600534][requester][info]["bootCrashReporter~ Success"]
[53764][1603751600536][requester][info]["Telemetry~boot - Success"]
[53764][1603751600537][requester][info]["bootConfigurations~initialize - Success"]
[53764][1603751600541][requester][info]["Settings~boot - Success"]
[53764][1603751600609][requester][info]["bootstrapModels - Success"]
[53764][1603751600610][requester][info]["WLModels~boot - Success"]
[53764][1603751600710][requester][info]["Session~boot - Success"]
[53764][1603751600712][requester][info]["IndependentServices~boot - Success"]
[53764][1603751600730][requester][info]["AppModels~boot - Success"]
[53764][1603751600734][requester][info]["DBWatcher~boot - Success"]
[53764][1603751600738][requester][info]["ThemeManager~boot - Success"]
[53764][1603751600739][requester][info]["Store~boot - Success"]
[53764][1603751600741][requester][info]["Shortcuts~boot - Success"]
[53764][1603751600742][requester][info]["SyncProxy~boot - Success"]
[53764][1603751600796][requester][info]["NewConsole~boot - Success"]
[53764][1603751600801][requester][info]["APIDevInterface~boot - Success"]
[53764][1603751600814][requester][info]["Requester~boot - Success"]
[53764][1603751600815][requester][info]["booted - requester"]
[53764][1603751600853][requester][warn]["CloudProxyHandler: Error while reading proxy configuration from user data - ",{"errno":-2,"code":"ENOENT","syscall":"open","path":"/home/ape/.config/Postman/Postman_Config/proxy","name":"Error","message":"ENOENT: no such file or directory, open '/home/ape/.config/Postman/Postman_Config/proxy'","stack":"Error: ENOENT: no such file or directory, open '/home/ape/.config/Postman/Postman_Config/proxy'"}]
[53764][1603751603015][requester][info]["SessionValidation - Registering listener"]
[53764][1603751659877][requester][warn]["APIDevInterface~getAPIForModel: There is no API linked to the model"]
[53764][1603752407410][requester][warn]["APIDevInterface~getAPIForModel: There is no API linked to the model"]
[53764][1603752482797][requester][warn]["APIDevInterface~getAPIForModel: There is no API linked to the model"]
[53764][1603752500654][requester][warn]["APIDevInterface~getAPIForModel: There is no API linked to the model"]
[53764][1603752554546][requester][warn]["APIDevInterface~getAPIForModel: There is no API linked to the model"]
[53764][1603752562249][requester][warn]["APIDevInterface~getAPIForModel: There is no API linked to the model"]
[17562][1604002038139][requester][info]["EventBus~initialize - Success"]
[17562][1604002038141][requester][info]["Messaging~boot - Success"]
[17562][1604002038151][requester][info]["bootCrashReporter~ Success"]
[17562][1604002038152][requester][info]["Telemetry~boot - Success"]
[17562][1604002038153][requester][info]["bootConfigurations~initialize - Success"]
[17562][1604002038156][requester][info]["Settings~boot - Success"]
[17562][1604002038217][requester][info]["bootstrapModels - Success"]
[17562][1604002038218][requester][info]["WLModels~boot - Success"]
[17562][1604002038340][requester][info]["Session~boot - Success"]
[17562][1604002038343][requester][info]["IndependentServices~boot - Success"]
[17562][1604002038359][requester][info]["AppModels~boot - Success"]
[17562][1604002038362][requester][info]["DBWatcher~boot - Success"]
[17562][1604002038364][requester][info]["ThemeManager~boot - Success"]
[17562][1604002038365][requester][info]["Store~boot - Success"]
[17562][1604002038367][requester][info]["Shortcuts~boot - Success"]
[17562][1604002038368][requester][info]["SyncProxy~boot - Success"]
[17562][1604002038421][requester][info]["NewConsole~boot - Success"]
[17562][1604002038430][requester][info]["APIDevInterface~boot - Success"]
[17562][1604002038460][requester][info]["Requester~boot - Success"]
[17562][1604002038462][requester][info]["booted - requester"]
[17562][1604002038591][requester][warn]["CloudProxyHandler: Error while reading proxy configuration from user data - ",{"errno":-2,"code":"ENOENT","syscall":"open","path":"/home/ape/.config/Postman/Postman_Config/proxy","name":"Error","message":"ENOENT: no such file or directory, open '/home/ape/.config/Postman/Postman_Config/proxy'","stack":"Error: ENOENT: no such file or directory, open '/home/ape/.config/Postman/Postman_Config/proxy'"}]
[17562][1604002040652][requester][info]["SessionValidation - Registering listener"]
